about to enter getRho(), n_phi = 2 0.2
Beginning method ARMAacf() 
size of rhs 3
Check A mat that we are inverting
1 -0.2 -0.3 
-0.2 0.7 0 
-0.3 -0.2 1 
Check inverted matrix
1.19658 0.444444 0.358974 
0.34188 1.55556 0.102564 
0.42735 0.444444 1.12821 
Final Acf
0.285714 0.357143 
value = 0.157143value = 0.138571value = 0.0748571value = 0.0565429value = 0.0337657value = 0.023716value = 0.0148729value = 0.0100894value = 0.00647975value = 0.00432277value = 0.00280848value = 0.00185853value = 0.00121425value = 0.000800407value = 0.000524356value = 0.000344993value = 0.0002263050.285714 0.357143 0.157143 0.138571 0.0748571 0.0565429 0.0337657 0.023716 0.0148729 0.0100894 0.00647975 0.00432277 0.00280848 0.00185853 0.00121425 0.000800407 0.000524356 
Check out rho vector0.285714 0.357143 0.157143 0.138571 0.0748571 0.0565429 0.0337657 0.023716 0.0148729 0.0100894 0.00647975 0.00432277 0.00280848 0.00185853 0.00121425 0.000800407 0.000524356 
printing covar = 
0.04 0.0114286 0.0142857 0.00628571 0.00554286 0.00299429 0.00226171 0.00135063 0.00094864 0.000594917 0.000403575 0.00025919 0.000172911 0.000112339 7.4341e-005 4.85699e-005 3.20163e-005 
0.0114286 0.04 0.0114286 0.0142857 0.00628571 0.00554286 0.00299429 0.00226171 0.00135063 0.00094864 0.000594917 0.000403575 0.00025919 0.000172911 0.000112339 7.4341e-005 4.85699e-005 
0.0142857 0.0114286 0.04 0.0114286 0.0142857 0.00628571 0.00554286 0.00299429 0.00226171 0.00135063 0.00094864 0.000594917 0.000403575 0.00025919 0.000172911 0.000112339 7.4341e-005 
0.00628571 0.0142857 0.0114286 0.04 0.0114286 0.0142857 0.00628571 0.00554286 0.00299429 0.00226171 0.00135063 0.00094864 0.000594917 0.000403575 0.00025919 0.000172911 0.000112339 
0.00554286 0.00628571 0.0142857 0.0114286 0.04 0.0114286 0.0142857 0.00628571 0.00554286 0.00299429 0.00226171 0.00135063 0.00094864 0.000594917 0.000403575 0.00025919 0.000172911 
0.00299429 0.00554286 0.00628571 0.0142857 0.0114286 0.04 0.0114286 0.0142857 0.00628571 0.00554286 0.00299429 0.00226171 0.00135063 0.00094864 0.000594917 0.000403575 0.00025919 
0.00226171 0.00299429 0.00554286 0.00628571 0.0142857 0.0114286 0.04 0.0114286 0.0142857 0.00628571 0.00554286 0.00299429 0.00226171 0.00135063 0.00094864 0.000594917 0.000403575 
0.00135063 0.00226171 0.00299429 0.00554286 0.00628571 0.0142857 0.0114286 0.04 0.0114286 0.0142857 0.00628571 0.00554286 0.00299429 0.00226171 0.00135063 0.00094864 0.000594917 
0.00094864 0.00135063 0.00226171 0.00299429 0.00554286 0.00628571 0.0142857 0.0114286 0.04 0.0114286 0.0142857 0.00628571 0.00554286 0.00299429 0.00226171 0.00135063 0.00094864 
0.000594917 0.00094864 0.00135063 0.00226171 0.00299429 0.00554286 0.00628571 0.0142857 0.0114286 0.04 0.0114286 0.0142857 0.00628571 0.00554286 0.00299429 0.00226171 0.00135063 
0.000403575 0.000594917 0.00094864 0.00135063 0.00226171 0.00299429 0.00554286 0.00628571 0.0142857 0.0114286 0.04 0.0114286 0.0142857 0.00628571 0.00554286 0.00299429 0.00226171 
0.00025919 0.000403575 0.000594917 0.00094864 0.00135063 0.00226171 0.00299429 0.00554286 0.00628571 0.0142857 0.0114286 0.04 0.0114286 0.0142857 0.00628571 0.00554286 0.00299429 
0.000172911 0.00025919 0.000403575 0.000594917 0.00094864 0.00135063 0.00226171 0.00299429 0.00554286 0.00628571 0.0142857 0.0114286 0.04 0.0114286 0.0142857 0.00628571 0.00554286 
0.000112339 0.000172911 0.00025919 0.000403575 0.000594917 0.00094864 0.00135063 0.00226171 0.00299429 0.00554286 0.00628571 0.0142857 0.0114286 0.04 0.0114286 0.0142857 0.00628571 
7.4341e-005 0.000112339 0.000172911 0.00025919 0.000403575 0.000594917 0.00094864 0.00135063 0.00226171 0.00299429 0.00554286 0.00628571 0.0142857 0.0114286 0.04 0.0114286 0.0142857 
4.85699e-005 7.4341e-005 0.000112339 0.000172911 0.00025919 0.000403575 0.000594917 0.00094864 0.00135063 0.00226171 0.00299429 0.00554286 0.00628571 0.0142857 0.0114286 0.04 0.0114286 
3.20163e-005 4.85699e-005 7.4341e-005 0.000112339 0.000172911 0.00025919 0.000403575 0.000594917 0.00094864 0.00135063 0.00226171 0.00299429 0.00554286 0.00628571 0.0142857 0.0114286 0.04 
Beginning method ARMAacf() 
Beginning method ARMAtoMA() 
leaving method ARMAtoMA() 
Beginning method ARMAtoMA() 
leaving method ARMAtoMA() 
: i = 0 j = 0 i index = 2 j index = 2 mat value = 1
: i = 0 j = 1 i index = 2 j index = 1 mat value = -0.3
: i = 0 j = 2 i index = 2 j index = 0 mat value = -0
: i = 1 j = 0 i index = 1 j index = 2 mat value = -0.3
: i = 1 j = 1 i index = 1 j index = 1 mat value = 1
: i = 1 j = 2 i index = 1 j index = 0 mat value = 0
: i = 2 j = 0 i index = 0 j index = 2 mat value = -0
: i = 2 j = 1 i index = 0 j index = 1 mat value = -0.3
: i = 2 j = 2 i index = 0 j index = 0 mat value = 1
Check A mat that we are inverting
   1 -0.3   -0
-0.3    1    0
  -0 -0.3    1
: rhs = 1.4
0.5
  0
solution =   1.7033
 1.01099
0.303297Find the crash
Final Acf
0.593548 0.178065 
value = 0.0534194value = 0.0160258value = 0.00480774value = 0.00144232value = 0.000432697value = 0.000129809value = 3.89427e-005value = 1.16828e-005value = 3.50484e-006value = 1.05145e-006value = 3.15436e-007value = 9.46308e-008value = 2.83892e-008value = 8.51677e-0090.593548 0.178065 0.0534194 0.0160258 0.00480774 0.00144232 0.000432697 0.000129809 3.89427e-005 1.16828e-005 3.50484e-006 1.05145e-006 3.15436e-007 9.46308e-008 
0.593548 
0.178065 
0.0534194 
0.0160258 
0.00480774 
0.00144232 
0.000432697 
0.000129809 
3.89427e-005 
1.16828e-005 
3.50484e-006 
1.05145e-006 
3.15436e-007 
9.46308e-008 
2 5 1 7 
1 4 3 7 
5 5 8 3 
3 7 3 9 
2.74359 0.102564 0.512821 -2.38462 
-2.76923 -0.692308 -0.461538 2.84615 
-0.512821 0.205128 0.025641 0.230769 
1.41026 0.435897 0.179487 -1.38462 
