SPM (Spatial Population Model)
Call: spm -r -i params.out 
Date: Thu Mar 03 19:06:54 2016
v1.1-2015-11-01 (rev. 1266). Copyright (c) 2008-2015, NIWA
User name: Cyrill
Machine name: CYRILL-MARSH (Windows_NT, PID=8252)

[sum_02_obs]
report.type: observation
observation.label: sum_02_obs
observation.year: 2002
observation.time_step: one
area observed expected residual errorvalue processerror totalerror score
*end

[aut_02_obs]
report.type: observation
observation.label: aut_02_obs
observation.year: 2002
observation.time_step: two
area observed expected residual errorvalue processerror totalerror score
*end

[aut_03_obs]
report.type: observation
observation.label: aut_03_obs
observation.year: 2003
observation.time_step: two
area observed expected residual errorvalue processerror totalerror score
r11-c16 1.4525 2.07454 -0.622036 0.913471 0 0.913471 -0.24751
r12-c16 0.403542 2.09898 -1.69543 1.73212 0 1.73212 0.492782
r12-c17 1.78129 2.1321 -0.350802 0.868811 0 0.868811 -0.278649
r12-c18 1.01408 2.13187 -1.11779 1.06225 0 1.06225 -0.0519303
r13-c17 0.81859 2.10311 -1.28452 2.00806 0 2.00806 0.245633
r13-c18 1.96409 2.12902 -0.164931 0.82261 0 0.82261 -0.299454
r14-c15 1.51155 2.06913 -0.557579 0.771136 0 0.771136 -0.374111
r14-c16 1.25278 2.1299 -0.87712 1.02527 0 1.02527 -0.144885
r15-c14 3.82105 1.98735 1.8337 0.2 0 0.2 4.16054
r15-c15 3.82105 2.10945 1.7116 0.2 0 0.2 3.18223
r18-c2 0.047115 1.25996 -1.21284 4.79595 0 4.79595 1.03132
r19-c2 0.297875 1.14092 -0.843043 1.69906 0 1.69906 0.315296
r19-c3 0.248871 1.20486 -0.95599 2.27944 0 2.27944 0.421804
r20-c2 0.180514 0.985857 -0.805343 2.70184 0 2.70184 0.47147
r20-c3 0.458114 0.874699 -0.416586 1.56451 0 1.56451 0.106945
r21-c2 0.134538 0.714974 -0.580437 2.8853 0 2.8853 0.47035
r22-c3 0.591776 0.450062 0.141714 1.41426 0 1.41426 0.355351
r23-c3 1.68435 0.315368 1.36898 0.900012 0 0.900012 3.01626
*end

[win_03_obs]
report.type: observation
observation.label: win_03_obs
observation.year: 2003
observation.time_step: three
area observed expected residual errorvalue processerror totalerror score
r1-c18 0.473974 1.36754 -0.893565 1.41425 0 1.41425 0.165548
r1-c19 0.37165 1.39039 -1.01874 1.39442 0 1.39442 0.319717
r10-c13 2.4132 1.85989 0.553305 0.533125 0 0.533125 -0.395786
r16-c3 0.600322 0.75523 -0.154908 1.47357 0 1.47357 0.124015
r16-c4 0.68102 0.779599 -0.098579 1.26599 0 1.26599 0.0393229
r16-c5 0.465741 0.847665 -0.381924 2.23624 0 2.23624 0.316263
r17-c2 0.214469 0.582486 -0.368016 2.81627 0 2.81627 0.393942
r17-c3 0.266971 0.612973 -0.346003 2.74318 0 2.74318 0.394579
r17-c4 0.641675 0.660807 -0.0191313 1.708 0 1.708 0.312023
r17-c5 0.306121 0.808256 -0.502135 2.23618 0 2.23618 0.293191
r18-c2 0.168794 0.493492 -0.324698 2.59563 0 2.59563 0.358562
r18-c3 0.331238 0.553267 -0.222028 1.87003 0 1.87003 0.222818
r2-c17 0.53143 1.47373 -0.9423 1.41426 0 1.41426 0.147855
r2-c18 0.399232 1.50227 -1.10304 1.73212 0 1.73212 0.3074
r2-c19 0.413989 1.52451 -1.11053 1.32393 0 1.32393 0.320141
r2-c20 0.630818 1.56617 -0.935348 1.23012 0 1.23012 0.0683354
r2-c21 1.10787 1.59463 -0.486764 1.26324 0 1.26324 -0.0169431
r3-c14 1.26519 1.69524 -0.43005 0.420599 0 0.420599 -0.770482
r3-c15 0.797207 1.64908 -0.851871 0.676974 0 0.676974 -0.103476
r3-c16 0.766738 1.60506 -0.838317 0.868029 0 0.868029 -0.101753
r3-c20 0.883055 1.68394 -0.80089 1.28976 0 1.28976 0.00208498
r3-c21 0.747429 1.69678 -0.949349 0.870082 0 0.870082 -0.0298802
r4-c14 1.66469 1.81061 -0.14592 0.371589 0 0.371589 -1.0212
r4-c15 0.317277 1.80233 -1.48505 1.73211 0 1.73211 0.55635
r4-c20 2.21261 1.79855 0.414058 0.727561 0 0.727561 -0.220798
r4-c21 0.328867 1.83142 -1.50255 1.73211 0 1.73211 0.541532
r5-c14 1.97382 1.90628 0.0675465 0.732037 0 0.732037 -0.350569
r6-c16 4.07563 1.97321 2.10243 0.324675 0 0.324675 1.85003
r6-c20 0.610121 1.9228 -1.31268 1.41426 0 1.41426 0.21009
r7-c14 5.44781 1.98355 3.46426 0.2 0 0.2 11.9037
r7-c8 0.731845 1.99215 -1.2603 1.13821 0 1.13821 0.113984
r7-c9 1.71967 2.00228 -0.282609 0.921896 0 0.921896 -0.223331
r8-c12 0.769967 1.97281 -1.20285 1.73218 0 1.73218 0.185479
r8-c7 3.74176 1.88189 1.85986 0.71154 0 0.71154 0.525147
r9-c11 0.233635 1.90139 -1.66776 2.23616 0 2.23616 0.69389
r9-c12 0.664918 1.91263 -1.24771 1.37163 0 1.37163 0.159752
r9-c13 0.486992 1.94756 -1.46057 1.48965 0 1.48965 0.352886
*end

[aut_04_obs]
report.type: observation
observation.label: aut_04_obs
observation.year: 2004
observation.time_step: two
area observed expected residual errorvalue processerror totalerror score
r11-c10 1.73158 1.78151 -0.0499338 0.706673 0 0.706673 -0.414449
r12-c10 0.901806 2.12834 -1.22653 1.02048 0 1.02048 0.00778646
r12-c13 3.4023 1.47605 1.92626 0.2 0 0.2 7.69344
r12-c16 0.852874 2.33249 -1.47962 1.73242 0 1.73242 0.198708
r13-c15 0.53804 1.35665 -0.818607 1.61501 0 1.61501 0.155945
r13-c16 0.943024 2.22786 -1.28484 1.73246 0 1.73246 0.173426
r14-c15 3.3501 1.7542 1.59591 1.22602 0 1.22602 0.623255
r14-c16 1.70059 2.25419 -0.553608 0.87254 0 0.87254 -0.28452
r15-c15 4.26709 1.7486 2.51849 1.36743 0 1.36743 0.981715
r16-c13 2.82817 0.615717 2.21245 1.41478 0 1.41478 2.00432
r19-c1 0.0158474 0.565571 -0.549723 5.29162 0 5.29162 1.13812
r19-c2 0.0644593 0.47223 -0.40777 3.04748 0 3.04748 0.569475
r20-c1 0.0734301 0.60961 -0.536179 2.44352 0 2.44352 0.669748
r20-c2 0.0793527 0.2623 -0.182947 2.51576 0 2.51576 0.354537
r20-c3 0.113831 0.0495852 0.0642456 2.23617 0 2.23617 1.12382
r21-c2 0.148876 0.384212 -0.235336 2.00989 0 2.00989 0.2464
r22-c2 0.130715 0.374457 -0.243742 1.85279 0 1.85279 0.230907
r23-c2 0.0991286 0.298578 -0.199449 2.6459 0 2.6459 0.367023
r23-c3 0.346979 0.281978 0.0650015 1.41428 0 1.41428 0.307689
*end

[win_04_obs]
report.type: observation
observation.label: win_04_obs
observation.year: 2004
observation.time_step: three
area observed expected residual errorvalue processerror totalerror score
r11-c14 3.49415 1.69703 1.79712 0.376194 0 0.376194 1.33685
r11-c15 3.55949 1.68633 1.87316 0.2 0 0.2 5.87405
r12-c14 2.85482 1.46269 1.39213 0.216165 0 0.216165 3.69305
r12-c15 3.56337 1.53063 2.03274 0.2 0 0.2 7.9114
r13-c15 1.70661 1.33862 0.367993 0.683473 0 0.683473 -0.23316
r13-c16 1.69976 1.37981 0.319958 0.2 0 0.2 -0.955652
r14-c15 3.31984 1.20964 2.11019 0.341039 0 0.341039 4.04697
r15-c15 2.86183 1.10143 1.7604 0.605379 0 0.605379 1.39447
r16-c5 0.104313 0.656761 -0.552448 2.23617 0 2.23617 0.540291
r16-c6 0.341178 0.648108 -0.30693 1.54964 0 1.54964 0.101494
r16-c7 0.232388 0.669938 -0.437551 1.41426 0 1.41426 0.165161
r17-c3 0.497774 0.531848 -0.0340737 0.2 0 0.2 -1.59159
r17-c4 0.124169 0.555921 -0.431752 1.68723 0 1.68723 0.401851
r17-c5 0.162679 0.570365 -0.407686 1.80343 0 1.80343 0.28222
r17-c6 0.207321 0.597163 -0.389842 1.74808 0 1.74808 0.214017
r18-c2 0.0274607 0.424049 -0.396589 4.08134 0 4.08134 0.822351
r18-c3 0.137468 0.46446 -0.326992 1.53334 0 1.53334 0.250302
r18-c4 0.155988 0.480591 -0.324603 1.39125 0 1.39125 0.196909
r19-c2 0.117309 0.386349 -0.269039 1.80998 0 1.80998 0.261362
r6-c8 0.250031 2.1237 -1.87367 2.00017 0 2.00017 0.791237
r7-c8 0.733024 2.04405 -1.31102 1.06573 0 1.06573 0.137063
r7-c9 0.405286 2.05643 -1.65114 0.875403 0 0.875403 1.29534
r8-c10 1.53202 1.98254 -0.450513 1.51436 0 1.51436 0.135738
r9-c10 0.408792 1.89298 -1.48419 1.73223 0 1.73223 0.41752
r9-c11 2.91472 1.92409 0.990632 0.761855 0 0.761855 0.0625304
*end

[sum_05_obs]
report.type: observation
observation.label: sum_05_obs
observation.year: 2005
observation.time_step: one
area observed expected residual errorvalue processerror totalerror score
r8-c4 0.103085 1.98594 -1.88286 2.82872 0 2.82872 1.1805
*end

[aut_05_obs]
report.type: observation
observation.label: aut_05_obs
observation.year: 2005
observation.time_step: two
area observed expected residual errorvalue processerror totalerror score
r12-c14 4.37236 1.98787 2.38448 0.619096 0 0.619096 0.829346
r12-c15 13.8612 2.02914 11.8321 0.703588 0 0.703588 5.14597
r12-c16 1.89425 2.13009 -0.235835 0.89522 0 0.89522 -0.238427
r13-c16 0.764507 2.15736 -1.39285 1.76225 0 1.76225 0.211466
r18-c1 0.155275 0.804063 -0.648788 1.41426 0 1.41426 0.592872
r18-c2 0.0399094 0.8929 -0.852991 2.90734 0 2.90734 1.28144
r19-c2 0.0536037 0.806713 -0.753109 2.20501 0 2.20501 1.22888
r19-c3 0.141433 0.938672 -0.797239 1.41426 0 1.41426 0.86827
r20-c2 0.0534376 0.665636 -0.612198 2.44959 0 2.44959 0.949572
r21-c2 0.121215 0.589169 -0.467953 1.7798 0 1.7798 0.441511
r22-c2 0.159537 0.541087 -0.38155 1.37382 0 1.37382 0.254537
r8-c11 0.697812 1.58617 -0.888354 1.41444 0 1.41444 0.0807146
r9-c11 0.482795 1.79439 -1.3116 1.17903 0 1.17903 0.372646
*end

[win_05_obs]
report.type: observation
observation.label: win_05_obs
observation.year: 2005
observation.time_step: three
area observed expected residual errorvalue processerror totalerror score
r10-c12 3.40306 1.86599 1.53707 0.2 0 0.2 3.28901
r11-c14 1.17551 1.74587 -0.570356 0.906118 0 0.906118 -0.24824
r11-c15 1.66445 1.74437 -0.0799125 1.31678 0 1.31678 0.106223
r11-c16 0.829634 1.7146 -0.884969 0.802983 0 0.802983 -0.120206
r12-c14 0.151137 1.5246 -1.37346 3.16285 0 3.16285 0.695253
r12-c15 0.505078 1.60324 -1.09816 1.76313 0 1.76313 0.244072
r12-c16 1.2787 1.61955 -0.340857 0.959074 0 0.959074 -0.207494
r13-c16 0.334601 1.49344 -1.15884 0.761532 0 0.761532 1.36433
r17-c3 0.142993 0.614176 -0.471183 1.41426 0 1.41426 0.422389
r17-c4 0.118064 0.64451 -0.526445 1.85655 0 1.85655 0.503273
r17-c5 0.028067 0.73305 -0.704983 3.46423 0 3.46423 1.23527
r18-c4 0.0352792 0.597751 -0.562472 2.82853 0 2.82853 1.07563
r19-c3 0.0874493 0.487284 -0.399834 2.0001 0 2.0001 0.496934
*end

[spr_05_obs]
report.type: observation
observation.label: spr_05_obs
observation.year: 2005
observation.time_step: four
area observed expected residual errorvalue processerror totalerror score
r7-c10 0.697812 2.06555 -1.36774 1.41444 0 1.41444 0.177748
r7-c11 0.949916 2.0961 -1.14619 0.775954 0 0.775954 -0.0483952
r8-c10 0.697812 1.81988 -1.12207 1.41444 0 1.41444 0.123299
*end

[aut_06_obs]
report.type: observation
observation.label: aut_06_obs
observation.year: 2006
observation.time_step: two
area observed expected residual errorvalue processerror totalerror score
r13-c15 1.53852 1.73637 -0.197849 0.778198 0 0.778198 -0.359656
r13-c16 0.827365 2.20788 -1.38052 1.4144 0 1.4144 0.132085
r14-c15 2.09847 2.16792 -0.0694456 1.18505 0 1.18505 0.0285214
r15-c14 4.08616 1.88036 2.2058 0.330777 0 0.330777 2.16941
r15-c15 3.34602 2.14662 1.1994 0.236519 0 0.236519 0.583176
r16-c7 2.57411 1.73749 0.836625 0.65385 0 0.65385 -0.0584429
r18-c2 0.0257036 0.555232 -0.529528 4.12323 0 4.12323 0.988919
r19-c1 0.0432116 0.616823 -0.573612 3.16239 0 3.16239 0.881462
r19-c2 0.0336125 0.405125 -0.371513 3.60567 0 3.60567 0.744455
r20-c2 0.120363 0.32759 -0.207227 1.92756 0 1.92756 0.235844
r21-c2 0.0467553 0.41186 -0.365105 3.00284 0 3.00284 0.644741
r22-c2 0.0516176 0.431128 -0.37951 3.00012 0 3.00012 0.621851
*end

[win_06_obs]
report.type: observation
observation.label: win_06_obs
observation.year: 2006
observation.time_step: three
area observed expected residual errorvalue processerror totalerror score
r10-c13 1.75416 1.79215 -0.0379849 0.651278 0 0.651278 -0.485681
r11-c15 3.03393 1.68174 1.35218 0.653553 0 0.653553 0.311997
r11-c16 1.41654 1.65265 -0.236111 0.885089 0 0.885089 -0.257875
r12-c14 0.945518 1.50596 -0.560444 1.41442 0 1.41442 0.0503206
r12-c15 2.93424 1.53204 1.4022 0.700976 0 0.700976 0.444636
r12-c16 2.01331 1.52506 0.488244 0.623439 0 0.623439 -0.259453
r13-c15 3.36473 1.20869 2.15604 0.500403 0 0.500403 2.13588
r13-c16 4.09364 1.38215 2.71149 0.565776 0 0.565776 2.05966
r14-c15 3.96995 1.23832 2.73163 0.941943 0 0.941943 1.50339
r16-c2 0.441266 0.566393 -0.125127 0.2 0 0.2 -0.944708
r16-c4 0.222251 0.65188 -0.429629 1.54427 0 1.54427 0.18834
r17-c2 0.061348 0.475799 -0.414451 2.44255 0 2.44255 0.630908
r17-c3 0.105216 0.501807 -0.396591 1.85209 0 1.85209 0.423625
r17-c4 0.214185 0.582392 -0.368207 1.41426 0 1.41426 0.139603
*end

[spr_06_obs]
report.type: observation
observation.label: spr_06_obs
observation.year: 2006
observation.time_step: four
area observed expected residual errorvalue processerror totalerror score
r4-c16 0.986395 2.27665 -1.29025 1.02661 0 1.02661 -0.00667828
r4-c17 0.441252 2.25262 -1.81137 1.73226 0 1.73226 0.479998
r5-c16 0.40115 2.27332 -1.87217 1.73224 0 1.73224 0.554507
r6-c16 0.147068 1.99723 -1.85017 3.00033 0 3.00033 0.878138
r8-c10 0.661933 1.92346 -1.26152 1.41436 0 1.41436 0.16888
*end

[sum_07_obs]
report.type: observation
observation.label: sum_07_obs
observation.year: 2007
observation.time_step: one
area observed expected residual errorvalue processerror totalerror score
r7-c15 0.552693 2.07693 -1.52424 1.41437 0 1.41437 0.320032
*end

[aut_07_obs]
report.type: observation
observation.label: aut_07_obs
observation.year: 2007
observation.time_step: two
area observed expected residual errorvalue processerror totalerror score
r11-c15 3.34683 2.05337 1.29346 0.736489 0 0.736489 0.155697
r12-c15 2.63862 2.02617 0.612449 1.0667 0 1.0667 0.135582
r12-c16 2.12148 2.23751 -0.116032 0.999667 0 0.999667 -0.121473
r13-c15 3.47132 1.9346 1.53672 0.578384 0 0.578384 0.299202
r13-c16 3.74629 2.23507 1.51122 0.2 0 0.2 2.04469
r14-c15 2.41733 2.13383 0.283499 0.967315 0 0.967315 -0.0506915
r17-c3 0.0419881 1.06344 -1.02145 2.82346 0 2.82346 1.43146
r17-c4 0.0522632 1.06268 -1.01042 2.4426 0 2.4426 1.40541
r18-c2 0.0249691 0.765364 -0.740395 3.74178 0 3.74178 1.28822
r18-c3 0.0374986 0.848667 -0.811169 2.99566 0 2.99566 1.2596
r18-c4 0.120005 0.919331 -0.799326 1.73212 0 1.73212 0.813773
r19-c2 0.0412319 0.644775 -0.603543 2.76424 0 2.76424 1.03198
r20-c2 0.0306582 0.450559 -0.419901 3.31674 0 3.31674 0.875323
r21-c2 0.0281908 0.301032 -0.272841 3.31487 0 3.31487 0.710252
r22-c2 0.0417178 0.316683 -0.274965 2.82853 0 2.82853 0.589715
r7-c17 0.808555 1.62988 -0.821327 0.901315 0 0.901315 -0.122869
r7-c18 1.4219 1.60996 -0.188059 1.41461 0 1.41461 0.129477
r8-c16 0.235746 1.76488 -1.52914 2.44988 0 2.44988 0.610807
r8-c17 0.505211 1.75701 -1.2518 1.73235 0 1.73235 0.273733
r8-c8 1.03247 1.92925 -0.896779 0.75637 0 0.75637 -0.22066
r9-c11 0.393639 2.04259 -1.64895 1.41432 0 1.41432 0.594896
r9-c16 0.507506 1.85811 -1.35061 1.15474 0 1.15474 0.368067
*end

[win_07_obs]
report.type: observation
observation.label: win_07_obs
observation.year: 2007
observation.time_step: three
area observed expected residual errorvalue processerror totalerror score
r10-c15 1.2334 1.8149 -0.581499 0.341014 0 0.341014 -0.604883
r11-c14 1.77803 1.71216 0.065866 0.870031 0 0.870031 -0.196136
r11-c15 1.87855 1.70628 0.172265 0.852339 0 0.852339 -0.177668
r11-c16 1.11933 1.68211 -0.562779 1.11317 0 1.11317 -0.107766
r12-c14 1.88019 1.59899 0.281194 0.923609 0 0.923609 -0.0622013
r12-c15 2.07697 1.60143 0.475544 0.683307 0 0.683307 -0.213528
r12-c16 2.23886 1.56797 0.670887 0.913145 0 0.913145 0.108398
r13-c15 4.97183 1.42861 3.54322 0.927656 0 0.927656 1.71529
r13-c16 2.22434 1.50149 0.722849 1.17466 0 1.17466 0.322605
r16-c4 0.274113 0.84811 -0.573997 1.23952 0 1.23952 0.201036
r16-c5 0.1131 0.816629 -0.703529 1.73212 0 1.73212 0.757692
r16-c6 0.169655 0.816946 -0.647291 1.41426 0 1.41426 0.522834
r17-c3 0.0716955 0.697859 -0.626164 1.90686 0 1.90686 0.955819
r17-c4 0.0464438 0.696657 -0.650213 2.51014 0 2.51014 1.0825
r7-c10 1.11673 2.02989 -0.913166 1.41452 0 1.41452 0.0482101
r8-c10 1.31547 2.03002 -0.714556 1.18541 0 1.18541 -0.0652526
r8-c11 1.32219 2.05005 -0.727857 1.13819 0 1.13819 -0.0922802
r8-c9 1.5291 2.02319 -0.494087 0.817439 0 0.817439 -0.334392
*end

[spr_07_obs]
report.type: observation
observation.label: spr_07_obs
observation.year: 2007
observation.time_step: four
area observed expected residual errorvalue processerror totalerror score
r8-c10 1.96046 2.11145 -0.150996 0.798602 0 0.798602 -0.323139
r8-c9 1.06145 1.81683 -0.755379 0.2 0 0.2 1.7994
*end

[sum_08_obs]
report.type: observation
observation.label: sum_08_obs
observation.year: 2008
observation.time_step: one
area observed expected residual errorvalue processerror totalerror score
r10-c12 0.650656 1.80051 -1.14985 1.41451 0 1.41451 0.146977
r14-c15 0.981112 2.00447 -1.02336 0.816068 0 0.816068 -0.129667
r15-c15 1.47205 2.04132 -0.569275 0.470635 0 0.470635 -0.675861
*end

[aut_08_obs]
report.type: observation
observation.label: aut_08_obs
observation.year: 2008
observation.time_step: two
area observed expected residual errorvalue processerror totalerror score
r14-c15 0.554514 2.02384 -1.46933 1.41447 0 1.41447 0.299839
r19-c2 0.0337371 0.769977 -0.73624 2.23326 0 2.23326 1.684
r19-c3 0.0814932 0.843087 -0.761594 1.72434 0 1.72434 1.1437
r20-c2 0.00976936 0.583937 -0.574168 4.69702 0 4.69702 1.58478
r7-c17 0.911531 1.65824 -0.746707 0.3435 0 0.3435 0.223212
r9-c11 1.11187 1.81906 -0.707188 1.38584 0 1.38584 0.0355458
r9-c12 1.18416 1.85388 -0.669728 0.241685 0 0.241685 0.118303
*end

[win_08_obs]
report.type: observation
observation.label: win_08_obs
observation.year: 2008
observation.time_step: three
area observed expected residual errorvalue processerror totalerror score
r10-c12 2.40432 1.76603 0.638293 0.605575 0 0.605575 -0.236042
r10-c14 0.982524 1.79614 -0.813621 1.44545 0 1.44545 0.060888
r11-c14 1.67158 1.7048 -0.0332209 0.662957 0 0.662957 -0.468654
r11-c15 1.82358 1.63568 0.187903 0.564003 0 0.564003 -0.533028
r11-c16 3.01275 1.56349 1.44927 1.18312 0 1.18312 0.616592
r12-c15 3.73057 1.51444 2.21613 0.393213 0 0.393213 2.32549
r13-c15 1.70691 1.20828 0.498628 0.583792 0 0.583792 -0.200423
r13-c16 5.55754 1.3223 4.23524 0.638114 0 0.638114 3.24095
r18-c2 0.224623 0.521237 -0.296614 1.01221 0 1.01221 -0.00495015
r18-c3 0.156825 0.569012 -0.412187 1.2129 0 1.2129 0.336579
r6-c7 0.908015 2.10174 -1.19372 0.792836 0 0.792836 0.00442108
r6-c8 0.455691 2.06826 -1.61257 0.2 0 0.2 26.7989
r7-c11 1.5947 1.9889 -0.3942 0.470571 0 0.470571 -0.768123
r8-c11 1.03749 1.87651 -0.839029 0.85057 0 0.85057 -0.20977
r8-c12 0.531419 1.88549 -1.35407 1.41446 0 1.41446 0.281033
r8-c9 1.12483 1.8913 -0.766466 1.41473 0 1.41473 0.0476526
r9-c11 1.25017 1.83325 -0.583079 0.303499 0 0.303499 -0.563397
r9-c12 0.726711 1.83702 -1.11031 0.820605 0 0.820605 0.103942
*end

[spr_08_obs]
report.type: observation
observation.label: spr_08_obs
observation.year: 2008
observation.time_step: four
area observed expected residual errorvalue processerror totalerror score
r8-c10 2.12612 2.08083 0.0452871 0.431795 0 0.431795 -0.849662
r9-c10 1.59293 1.56932 0.0236069 1.41494 0 1.41494 0.192317
r9-c11 0.657625 1.94297 -1.28535 1.43272 0 1.43272 0.178526
r9-c12 0.73219 2.04912 -1.31693 1.16685 0 1.16685 0.133288
*end

[sum_09_obs]
report.type: observation
observation.label: sum_09_obs
observation.year: 2009
observation.time_step: one
area observed expected residual errorvalue processerror totalerror score
r12-c14 1.34559 1.61378 -0.268188 0.820605 0 0.820605 -0.326375
*end

[aut_09_obs]
report.type: observation
observation.label: aut_09_obs
observation.year: 2009
observation.time_step: two
area observed expected residual errorvalue processerror totalerror score
r11-c15 3.10028 2.17447 0.925801 0.527119 0 0.527119 -0.238302
r12-c14 1.55078 2.1975 -0.646718 0.282251 0 0.282251 -0.656426
r12-c15 2.92554 2.16965 0.755884 0.798952 0 0.798952 -0.0512832
r12-c16 6.36573 2.34436 4.02138 0.2 0 0.2 11.6059
r13-c16 3.25858 2.33515 0.923426 1.14485 0 1.14485 0.248941
r18-c2 0.0171712 0.246816 -0.229645 3.87314 0 3.87314 0.804936
r19-c2 0.040351 0.161537 -0.121186 2.73076 0 2.73076 0.403158
r20-c2 0.0346606 0.156944 -0.122283 3.52798 0 3.52798 0.486071
r8-c8 0.849359 2.00884 -1.15948 0.895566 0 0.895566 0.00761143
*end

[spr_09_obs]
report.type: observation
observation.label: spr_09_obs
observation.year: 2009
observation.time_step: four
area observed expected residual errorvalue processerror totalerror score
r10-c12 0.442523 1.56627 -1.12374 2.00028 0 2.00028 0.303491
r10-c13 0.340407 1.69742 -1.35701 2.2612 0 2.2612 0.432692
r6-c8 1.39509 2.08515 -0.690054 0.758588 0 0.758588 -0.360694
r6-c9 1.73605 2.16453 -0.428483 0.685481 0 0.685481 -0.476
r8-c8 0.459416 1.91313 -1.45371 0.816312 0 0.816312 1.00711
r8-c9 0.919026 1.91642 -0.997389 0.2 0 0.2 4.90323
r9-c11 3.44631 1.82545 1.62085 0.2 0 0.2 3.85151
r9-c12 0.574275 1.94072 -1.36644 0.765776 0 0.765776 0.66876
*end

[sum_10_obs]
report.type: observation
observation.label: sum_10_obs
observation.year: 2010
observation.time_step: one
area observed expected residual errorvalue processerror totalerror score
r10-c13 0.329723 2.28131 -1.95158 1.1555 0 1.1555 1.26223
r11-c13 0.901129 1.98 -1.07887 1.31334 0 1.31334 0.0420066
r11-c14 1.91327 2.39515 -0.481882 0.641493 0 0.641493 -0.528627
r12-c14 2.76819 1.81178 0.956408 0.660349 0 0.660349 -0.00277134
r12-c15 4.38285 1.3565 3.02635 0.575597 0 0.575597 2.39981
r7-c9 1.25098 1.88082 -0.629843 0.997424 0 0.997424 -0.18229
r8-c10 1.28284 2.07967 -0.796833 1.73332 0 1.73332 0.17969
r8-c9 2.56953 2.13343 0.436092 0.705635 0 0.705635 -0.266766
*end

[aut_10_obs]
report.type: observation
observation.label: aut_10_obs
observation.year: 2010
observation.time_step: two
area observed expected residual errorvalue processerror totalerror score
r13-c15 1.30678 1.63815 -0.331363 0.254579 0 0.254579 -1.08241
r13-c16 3.78305 2.22224 1.56081 0.340959 0 0.340959 0.462825
r14-c15 0.743514 2.14696 -1.40345 0.834029 0 0.834029 0.281284
r19-c3 0.0201505 0.504241 -0.484091 3.6057 0 3.6057 1.16935
r20-c2 0.0207193 0.136427 -0.115707 3.28243 0 3.28243 0.537415
r20-c3 0.032745 0.000429364 0.0323156 2.82856 0 2.82856 7.11
r9-c12 0.434111 1.97056 -1.53645 1.41441 0 1.41441 0.469428
*end

[win_10_obs]
report.type: observation
observation.label: win_10_obs
observation.year: 2010
observation.time_step: three
area observed expected residual errorvalue processerror totalerror score
r10-c13 1.76852 1.77587 -0.00734904 0.836681 0 0.836681 -0.252553
r11-c14 2.47351 1.66836 0.805151 0.346652 0 0.346652 -0.193699
r11-c15 0.509676 1.63685 -1.12717 1.73255 0 1.73255 0.244274
r11-c16 1.60671 1.56916 0.0375532 0.201583 0 0.201583 -1.58772
r12-c15 1.95759 1.50201 0.455588 0.683498 0 0.683498 -0.207511
r12-c16 1.86206 1.46161 0.400445 0.294934 0 0.294934 -0.759026
r13-c15 2.57074 1.05872 1.51202 0.732894 0 0.732894 0.990513
r13-c16 1.49794 1.33549 0.162454 0.799812 0 0.799812 -0.219555
r14-c15 1.74204 1.16781 0.574228 0.674339 0 0.674339 -0.0304816
r17-c6 0.243606 0.903782 -0.660176 1.13841 0 1.13841 0.389896
r18-c2 0.0856821 0.526175 -0.440493 1.73214 0 1.73214 0.617209
r19-c1 0.0638846 0.412518 -0.348633 1.71582 0 1.71582 0.664795
r19-c2 0.0512458 0.498158 -0.446913 1.92834 0 1.92834 0.943303
r6-c8 1.67346 2.12358 -0.450122 0.470536 0 0.470536 -0.756961
r7-c8 0.461356 2.09856 -1.6372 1.20401 0 1.20401 0.580261
r9-c13 0.71258 1.89171 -1.17913 0.859702 0 0.859702 0.14645
r9-c14 0.338175 1.87555 -1.53737 1.09547 0 1.09547 0.984159
*end

[spr_10_obs]
report.type: observation
observation.label: spr_10_obs
observation.year: 2010
observation.time_step: four
area observed expected residual errorvalue processerror totalerror score
r8-c7 0.628248 2.07089 -1.44264 0.383408 0 0.383408 3.61428
r8-c8 0.296586 2.02291 -1.72632 0.912853 0 0.912853 1.9063
r9-c12 0.988392 1.73194 -0.743549 0.865271 0 0.865271 -0.220033
r9-c13 0.390241 1.66849 -1.27825 0.802147 0 0.802147 1.11043
r9-c14 0.338175 1.76448 -1.42631 1.15475 0 1.15475 0.807552
*end

[sum_11_obs]
report.type: observation
observation.label: sum_11_obs
observation.year: 2011
observation.time_step: one
area observed expected residual errorvalue processerror totalerror score
r10-c13 0.489685 1.90881 -1.41913 1.15415 0 1.15415 0.435368
r11-c13 0.450372 2.02219 -1.57182 0.447142 0 0.447142 4.60828
r11-c14 0.396798 2.11577 -1.71897 0.774503 0 0.774503 1.82506
*end

[aut_11_obs]
report.type: observation
observation.label: aut_11_obs
observation.year: 2011
observation.time_step: two
area observed expected residual errorvalue processerror totalerror score
r10-c13 0.0487693 1.82538 -1.77661 2.64603 0 2.64603 1.96974
r10-c9 0.0682788 1.62783 -1.55955 2.23632 0 2.23632 1.73633
r11-c10 0.904958 1.23195 -0.326991 0.346218 0 0.346218 -0.809098
r12-c15 6.64078 1.92505 4.71573 1.02945 0 1.02945 1.608
r12-c16 4.12447 2.13324 1.99123 1.6822 0 1.6822 0.806736
r13-c15 1.05727 1.62152 -0.564251 0.726449 0 0.726449 -0.374331
r13-c16 2.28723 2.16752 0.119711 0.706021 0 0.706021 -0.371617
r13-c6 0.341363 2.14879 -1.80743 1.41448 0 1.41448 0.804661
r13-c7 0.341518 2.18557 -1.84405 0.2 0 0.2 41.3831
r14-c15 2.09852 2.10061 -0.00208863 1.07729 0 1.07729 -0.034644
r14-c16 0.568337 2.18501 -1.61668 1.73301 0 1.73301 0.317366
r19-c1 0.00394993 0.653141 -0.649191 6.08293 0 6.08293 2.1328
r19-c2 0.0119619 0.658004 -0.646042 3.6801 0 3.6801 1.82275
r20-c2 0.0213347 0.497732 -0.476397 2.41805 0 2.41805 1.57119
*end

[win_11_obs]
report.type: observation
observation.label: win_11_obs
observation.year: 2011
observation.time_step: three
area observed expected residual errorvalue processerror totalerror score
r10-c13 0.935189 1.79378 -0.85859 0.706699 0 0.706699 -0.203226
r10-c14 0.55282 1.86005 -1.30723 0.507158 0 0.507158 1.90051
r11-c13 1.56338 1.7422 -0.178822 0.603948 0 0.603948 -0.580443
r11-c14 1.7483 1.74989 -0.00159631 0.758743 0 0.758743 -0.337684
r11-c15 0.834822 1.71635 -0.881523 0.2 0 0.2 4.64749
r11-c16 0.341363 1.69754 -1.35618 1.41448 0 1.41448 0.553159
r12-c14 2.1571 1.55548 0.601616 0.422234 0 0.422234 -0.393928
r12-c15 1.98939 1.61399 0.375392 0.736059 0 0.736059 -0.209402
r12-c16 2.69546 1.56827 1.1272 0.866026 0 0.866026 0.312582
r13-c15 1.99791 1.36237 0.635543 0.598813 0 0.598813 -0.122434
r14-c15 1.01841 1.23174 -0.213334 1.20736 0 1.20736 -0.015686
r18-c3 0.101196 0.510989 -0.409793 1.0837 0 1.0837 0.848987
r19-c2 0.0173962 0.429794 -0.412398 3.00014 0 3.00014 1.33466
r19-c3 0.116392 0.509639 -0.393247 0.912938 0 0.912938 0.885834
r6-c10 0.688723 2.06096 -1.37224 0.2 0 0.2 13.1536
r8-c11 2.22676 2.02261 0.204158 0.859998 0 0.859998 -0.16997
r9-c10 4.12169 1.84089 2.2808 0.490398 0 0.490398 1.16985
r9-c11 1.08979 1.84357 -0.753774 0.87711 0 0.87711 -0.229888
r9-c12 0.625336 1.86187 -1.23654 1.41411 0 1.41411 0.180587
*end

[spr_11_obs]
report.type: observation
observation.label: spr_11_obs
observation.year: 2011
observation.time_step: four
area observed expected residual errorvalue processerror totalerror score
r10-c12 0.983696 1.83319 -0.849491 0.456892 0 0.456892 -0.0970459
r6-c10 1.04662 2.20553 -1.15891 1.01461 0 1.01461 -0.0645371
r6-c8 0.915371 2.20502 -1.28965 0.622352 0 0.622352 0.223508
r6-c9 0.826461 2.21334 -1.38688 1.07872 0 1.07872 0.10309
r7-c10 0.593508 2.18901 -1.5955 0.876338 0 0.876338 0.632119
r7-c11 0.913971 2.18739 -1.27342 0.657125 0 0.657125 0.157056
r8-c10 1.68418 2.08489 -0.400715 0.245003 0 0.245003 -1.12981
r9-c11 0.375482 1.91878 -1.5433 1.41451 0 1.41451 0.579627
r9-c12 0.983696 1.97497 -0.991273 0.456892 0 0.456892 0.124947
*end

[sum_12_obs]
report.type: observation
observation.label: sum_12_obs
observation.year: 2012
observation.time_step: one
area observed expected residual errorvalue processerror totalerror score
r10-c12 3.63659 1.86935 1.76724 1.41519 0 1.41519 0.718985
r13-c7 0.54626 2.15075 -1.60449 1.09547 0 1.09547 0.485523
r14-c7 1.39038 2.06639 -0.676007 0.868888 0 0.868888 -0.27597
r15-c7 0.475024 2.01621 -1.54119 1.09547 0 1.09547 0.58213
r15-c8 0.380003 1.74116 -1.36116 1.36939 0 1.36939 0.495125
r9-c12 1.34418 1.84688 -0.5027 1.39028 0 1.39028 0.0591658
*end

[aut_12_obs]
report.type: observation
observation.label: aut_12_obs
observation.year: 2012
observation.time_step: two
area observed expected residual errorvalue processerror totalerror score
r13-c15 2.42663 1.46887 0.957768 0.99963 0 0.99963 0.335971
r13-c6 0.346808 2.08724 -1.74043 1.73225 0 1.73225 0.601003
r14-c15 2.50339 1.97607 0.527322 0.52722 0 0.52722 -0.43972
r15-c15 1.81411 2.01505 -0.200937 1.26822 0 1.26822 0.0519972
r16-c6 0.560335 1.8735 -1.31317 0.865996 0 0.865996 0.47794
r16-c7 0.84061 1.88912 -1.04851 0.2 0 0.2 6.33954
r17-c2 0.235676 1.53078 -1.29511 0.877364 0 0.877364 1.92193
r17-c3 0.137002 1.52291 -1.38591 1.67145 0 1.67145 1.28141
r17-c4 0.147619 1.57636 -1.42875 1.36979 0 1.36979 1.62971
r17-c6 0.443794 1.83158 -1.38779 1.39323 0 1.39323 0.395358
r18-c2 0.0608463 0.995431 -0.934585 2.35081 0 2.35081 1.23361
r18-c3 0.0386631 1.27547 -1.23681 3.1624 0 3.1624 1.53765
r19-c1 0.0347918 0.926791 -0.891999 3.46424 0 3.46424 1.25058
r19-c2 0.0172236 0.84651 -0.829286 4.89835 0 4.89835 1.39594
r20-c2 0.0335222 0.354586 -0.321064 3.27842 0 3.27842 0.708554
*end

[win_12_obs]
report.type: observation
observation.label: win_12_obs
observation.year: 2012
observation.time_step: three
area observed expected residual errorvalue processerror totalerror score
r10-c13 1.82047 1.8525 -0.0320289 0.916334 0 0.916334 -0.179761
r11-c14 2.25029 1.70889 0.541401 1.15382 0 1.15382 0.204791
r13-c15 5.83839 1.18458 4.65381 1.37123 0 1.37123 2.16042
r13-c16 4.55971 1.18888 3.37083 0.495164 0 0.495164 4.06103
r13-c9 1.2397 1.23896 0.000739592 2.00113 0 2.00113 0.439816
r14-c15 3.10587 0.982327 2.12355 0.721987 0 0.721987 1.77292
r14-c8 0.661898 1.09632 -0.434425 1.73243 0 1.73243 0.176278
r14-c9 2.24432 1.06908 1.17525 1.06201 0 1.06201 0.688928
r17-c2 0.0928812 0.57756 -0.484679 2.00008 0 2.00008 0.562907
r17-c3 0.0974337 0.610512 -0.513079 1.71742 0 1.71742 0.638718
r17-c4 0.104115 0.672476 -0.568362 1.722 0 1.722 0.662706
r18-c2 0.0679955 0.49911 -0.431114 2.49933 0 2.49933 0.595716
r18-c3 0.0928812 0.548364 -0.455483 2.00008 0 2.00008 0.53078
r8-c6 0.685767 2.01582 -1.33005 0.554535 0 0.554535 1.00429
r8-c8 0.420224 2.03304 -1.61281 1.41433 0 1.41433 0.527182
r8-c9 0.420224 2.04149 -1.62127 1.41433 0 1.41433 0.531071
r9-c10 1.61835 1.96206 -0.343708 0.865299 0 0.865299 -0.284146
r9-c11 1.07884 1.98345 -0.904619 1.14545 0 1.14545 -0.0667745
r9-c8 3.18716 1.90309 1.28408 0.908777 0 0.908777 0.300209
*end

[bin_sum_02_obs]
report.type: observation
observation.label: bin_sum_02_obs
observation.year: 2002
observation.time_step: one
area observed expected residual errorvalue processerror totalerror score
*end

[bin_aut_02_obs]
report.type: observation
observation.label: bin_aut_02_obs
observation.year: 2002
observation.time_step: two
area observed expected residual errorvalue processerror totalerror score
*end

[bin_aut_03_obs]
report.type: observation
observation.label: bin_aut_03_obs
observation.year: 2003
observation.time_step: two
area observed expected residual errorvalue processerror totalerror score
r11-c16 0.666667 0.706392 -0.0397254 6 0 6 1.13331
r12-c16 0.333333 0.714714 -0.381381 3 0 3 1.74579
r12-c17 0.75 0.725992 0.0240082 16 0 16 1.5144
r12-c18 0.571429 0.725914 -0.154486 7 0 7 1.60889
r13-c17 0.272727 0.716121 -0.443394 11 0 11 5.96944
r13-c18 0.833333 0.724944 0.10839 12 0 12 1.60852
r14-c15 0.857143 0.704551 0.152592 7 0 7 1.37452
r14-c16 0.666667 0.725243 -0.0585759 3 0 3 0.835753
r15-c14 1 0.676705 0.323295 2 0 2 0.781041
r15-c15 1 0.718281 0.281719 2 0 2 0.66179
r17-c2 0 0.507544 -0.507544 3 0 3 2.12505
r18-c2 0.0434783 0.429023 -0.385545 23 0 23 10.0397
r18-c3 0 0.472159 -0.472159 15 0 15 9.58439
r19-c2 0.263158 0.38849 -0.125332 38 0 38 3.2519
r19-c3 0.176471 0.410263 -0.233792 34 0 34 6.0201
r20-c2 0.134146 0.33569 -0.201544 82 0 82 10.7765
r20-c3 0.322581 0.29784 0.0247402 31 0 31 1.92979
r21-c2 0.111111 0.243453 -0.132342 27 0 27 2.95322
r22-c3 0.5 0.153249 0.346751 2 0 2 1.34889
r22-c7 0 0.0908858 -0.0908858 2 0 2 0.190569
r23-c3 0.666667 0.107385 0.559282 6 0 6 6.4445
*end

[bin_win_03_obs]
report.type: observation
observation.label: bin_win_03_obs
observation.year: 2003
observation.time_step: three
area observed expected residual errorvalue processerror totalerror score
r1-c18 0.5 0.465655 0.0343445 2 0 2 0.697877
r1-c19 0.363636 0.473435 -0.109799 11 0 11 1.68154
r10-c13 1 0.633305 0.366695 3 0 3 1.37041
r16-c3 0.375 0.25716 0.11784 8 0 8 1.53519
r16-c4 0.444444 0.265458 0.178986 9 0 9 2.01145
r16-c5 0.2 0.288635 -0.0886351 5 0 5 0.995433
r17-c2 0.130435 0.19834 -0.0679051 23 0 23 1.79543
r17-c3 0.140351 0.208721 -0.0683702 57 0 57 2.77968
r17-c4 0.285714 0.225009 0.0607057 7 0 7 1.21323
r17-c5 0.2 0.275216 -0.0752159 5 0 5 0.968287
r18-c2 0.136364 0.168037 -0.0316733 22 0 22 1.50655
r18-c3 0.25 0.188391 0.0616094 32 0 32 2.19494
r18-c4 0 0.224478 -0.224478 5 0 5 1.2711
r19-c2 0 0.165661 -0.165661 6 0 6 1.08669
r19-c3 0 0.198385 -0.198385 2 0 2 0.442253
r2-c17 0.5 0.501814 -0.00181394 2 0 2 0.69316
r2-c18 0.333333 0.511531 -0.178198 3 0 3 1.00469
r2-c19 0.384615 0.519107 -0.134491 13 0 13 1.97504
r2-c20 0.454545 0.533289 -0.0787433 55 0 55 2.91304
r2-c21 0.428571 0.542981 -0.11441 7 0 7 1.40882
r3-c14 1 0.577241 0.422759 4 0 4 2.19798
r3-c15 0.75 0.561521 0.188479 4 0 4 1.16947
r3-c16 0.666667 0.546531 0.120136 3 0 3 0.900545
r3-c20 0.5 0.573393 -0.0733934 4 0 4 1.02439
r3-c21 0.666667 0.577763 0.0889037 3 0 3 0.860759
r4-c14 1 0.616525 0.383475 3 0 3 1.45097
r4-c15 0.333333 0.613704 -0.280371 3 0 3 1.29193
r4-c20 1 0.612417 0.387583 2 0 2 0.980684
r4-c21 0.333333 0.62361 -0.290276 3 0 3 1.32788
r5-c14 1 0.649098 0.350902 2 0 2 0.864342
r6-c16 1 0.671889 0.328111 2 0 2 0.795325
r6-c20 0.5 0.654724 -0.154724 2 0 2 0.793805
r7-c14 1 0.675412 0.324588 2 0 2 0.784864
r7-c8 0.5 0.678339 -0.178339 6 0 6 1.57136
r7-c9 0.6875 0.681787 0.005713 16 0 16 1.55653
r8-c10 0 0.662701 -0.662701 2 0 2 2.17357
r8-c11 0 0.662668 -0.662668 3 0 3 3.26006
r8-c12 0.333333 0.671755 -0.338421 3 0 3 1.52724
r8-c7 1 0.640796 0.359204 2 0 2 0.890088
r9-c11 0.2 0.647435 -0.447435 5 0 5 2.99538
r9-c12 0.428571 0.651261 -0.22269 7 0 7 1.94491
r9-c13 0.363636 0.663157 -0.29952 11 0 11 3.46084
*end

[bin_aut_04_obs]
report.type: observation
observation.label: bin_aut_04_obs
observation.year: 2004
observation.time_step: two
area observed expected residual errorvalue processerror totalerror score
r11-c10 1 0.606617 0.393383 2 0 2 0.999717
r12-c10 0.666667 0.724712 -0.0580453 3 0 3 0.835287
r12-c13 1 0.502604 0.497396 2 0 2 1.37591
r12-c16 0.333333 0.794228 -0.460895 3 0 3 2.29375
r12-c17 0 0.801426 -0.801426 2 0 2 3.23319
r12-c18 0 0.798888 -0.798888 2 0 2 3.20778
r13-c15 0.333333 0.461946 -0.128613 6 0 6 1.31575
r13-c16 0.333333 0.758601 -0.425267 3 0 3 2.02027
r14-c15 0.761905 0.597314 0.16459 21 0 21 2.87219
r14-c16 0.714286 0.767567 -0.0532809 7 0 7 1.19643
r15-c15 0.857143 0.59541 0.261733 7 0 7 2.07
r16-c13 0.5 0.209655 0.290345 2 0 2 1.10443
r18-c2 0 0.195892 -0.195892 6 0 6 1.30813
r18-c3 0 0.233877 -0.233877 2 0 2 0.532826
r19-c1 0.0357143 0.19258 -0.156866 28 0 28 4.09065
r19-c2 0.108108 0.160797 -0.0526889 111 0 111 3.37543
r19-c3 0 0.104937 -0.104937 5 0 5 0.554308
r20-c1 0.15 0.207576 -0.0575757 20 0 20 1.63319
r20-c2 0.147059 0.0893148 0.057744 102 0 102 3.98003
r20-c3 0.2 0.0168841 0.183116 5 0 5 2.54006
r21-c2 0.217391 0.130827 0.0865648 23 0 23 2.2695
r22-c2 0.25 0.127505 0.122495 8 0 8 1.60539
r23-c2 0.142857 0.101667 0.0411897 7 0 7 0.983428
r23-c3 0.5 0.0960152 0.403985 2 0 2 1.75104
r8-c17 0 0.684185 -0.684185 3 0 3 3.4578
*end

[bin_win_04_obs]
report.type: observation
observation.label: bin_win_04_obs
observation.year: 2004
observation.time_step: three
area observed expected residual errorvalue processerror totalerror score
r11-c14 1 0.577848 0.422152 7 0 7 3.8391
r11-c15 1 0.574206 0.425794 3 0 3 1.6643
r12-c14 1 0.498055 0.501945 3 0 3 2.09113
r12-c15 1 0.521189 0.478811 3 0 3 1.95493
r13-c15 0.75 0.455807 0.294193 4 0 4 1.57921
r13-c16 1 0.469832 0.530168 3 0 3 2.26614
r14-c15 1 0.411891 0.588109 7 0 7 6.20898
r15-c15 1 0.375043 0.624957 2 0 2 1.96143
r16-c5 0.2 0.223631 -0.0236309 5 0 5 0.900829
r16-c6 0.363636 0.220685 0.142952 22 0 22 2.90356
r16-c7 0.5 0.228118 0.271882 2 0 2 1.04367
r17-c3 1 0.181097 0.818903 2 0 2 3.41744
r17-c4 0.269231 0.189294 0.0799364 26 0 26 2.24166
r17-c5 0.285714 0.194213 0.0915015 35 0 35 2.75824
r17-c6 0.294118 0.203338 0.0907799 17 0 17 1.96196
r18-c1 0 0.139623 -0.139623 7 0 7 1.05269
r18-c2 0.0576923 0.144391 -0.0866991 52 0 52 3.44352
r18-c3 0.3125 0.158151 0.154349 16 0 16 2.73266
r18-c4 0.363636 0.163644 0.199992 11 0 11 2.69206
r18-c5 0 0.190025 -0.190025 2 0 2 0.421503
r19-c1 0 0.112763 -0.112763 6 0 6 0.71786
r19-c2 0.25 0.131554 0.118446 12 0 12 1.96083
r6-c8 0.25 0.723133 -0.473133 4 0 4 2.79052
r7-c8 0.6 0.69601 -0.09601 10 0 10 1.59028
r7-c9 0.666667 0.700225 -0.0335588 3 0 3 0.818818
r8-c10 0.5 0.675066 -0.175066 4 0 4 1.2424
r9-c10 0.333333 0.644572 -0.311238 3 0 3 1.40942
r9-c11 0.8 0.655163 0.144837 5 0 5 1.14673
*end

[bin_sum_05_obs]
report.type: observation
observation.label: bin_sum_05_obs
observation.year: 2005
observation.time_step: one
area observed expected residual errorvalue processerror totalerror score
r8-c4 0.125 0.676225 -0.551225 8 0 8 6.20573
*end

[bin_aut_05_obs]
report.type: observation
observation.label: bin_aut_05_obs
observation.year: 2005
observation.time_step: two
area observed expected residual errorvalue processerror totalerror score
r12-c14 1 0.676883 0.323117 6 0 6 2.34154
r12-c15 1 0.690936 0.309064 6 0 6 2.21825
r12-c16 0.666667 0.725308 -0.0586413 6 0 6 1.16079
r13-c16 0.333333 0.734594 -0.401261 6 0 6 3.2148
r18-c1 0.5 0.273788 0.226212 2 0 2 0.922166
r18-c2 0.111111 0.304038 -0.192927 27 0 27 4.2898
r19-c2 0.175 0.274691 -0.0996906 40 0 40 2.90194
r19-c3 0.5 0.319624 0.180376 2 0 2 0.832573
r20-c2 0.166667 0.226653 -0.0599864 6 0 6 0.977713
r21-c2 0.277778 0.200615 0.0771623 36 0 36 2.53182
r22-c2 0.4 0.184243 0.215757 5 0 5 1.69133
r8-c11 0.5 0.540099 -0.0400994 2 0 2 0.6996
r9-c11 0.5 0.611002 -0.111002 4 0 4 1.08191
*end

[bin_win_05_obs]
report.type: observation
observation.label: bin_win_05_obs
observation.year: 2005
observation.time_step: three
area observed expected residual errorvalue processerror totalerror score
r10-c12 1 0.635381 0.364619 2 0 2 0.90706
r11-c14 0.6 0.594479 0.00552119 10 0 10 1.38364
r11-c15 0.724138 0.593967 0.130171 29 0 29 2.87783
r11-c16 0.857143 0.583833 0.27331 28 0 28 6.49509
r12-c13 0 0.490691 -0.490691 2 0 2 1.3494
r12-c14 0.1 0.519134 -0.419134 10 0 10 4.94251
r12-c15 0.346154 0.545913 -0.199759 26 0 26 3.91379
r12-c16 0.8125 0.551467 0.261033 16 0 16 3.81463
r13-c16 0.75 0.508525 0.241475 4 0 4 1.35277
r17-c3 0.5 0.209131 0.290869 2 0 2 1.10627
r17-c4 0.285714 0.219459 0.0662549 14 0 14 1.63528
r17-c5 0.0833333 0.249608 -0.166275 12 0 12 2.06171
r18-c1 0 0.152664 -0.152664 3 0 3 0.496974
r18-c2 0 0.16658 -0.16658 7 0 7 1.27552
r18-c3 0 0.182434 -0.182434 8 0 8 1.61139
r18-c4 0.125 0.203538 -0.078538 8 0 8 1.10549
r19-c2 0 0.147867 -0.147867 5 0 5 0.800061
r19-c3 0.25 0.165923 0.0840769 4 0 4 0.954226
*end

[bin_spr_05_obs]
report.type: observation
observation.label: bin_spr_05_obs
observation.year: 2005
observation.time_step: four
area observed expected residual errorvalue processerror totalerror score
r7-c10 0.5 0.703334 -0.203334 2 0 2 0.873924
r7-c11 0.666667 0.713736 -0.0470691 6 0 6 1.1426
r8-c10 0.5 0.61968 -0.11968 2 0 2 0.752147
*end

[bin_aut_06_obs]
report.type: observation
observation.label: bin_aut_06_obs
observation.year: 2006
observation.time_step: two
area observed expected residual errorvalue processerror totalerror score
r13-c15 0.833333 0.591245 0.242089 12 0 12 2.85488
r13-c16 0.5 0.751798 -0.251798 2 0 2 0.985652
r14-c15 0.777778 0.738189 0.0395892 9 0 9 1.22163
r15-c14 1 0.640274 0.359726 6 0 6 2.67515
r15-c15 1 0.730937 0.269063 3 0 3 0.940286
r16-c7 1 0.591626 0.408374 3 0 3 1.57464
r18-c1 0 0.230675 -0.230675 11 0 11 2.88466
r18-c2 0.0588235 0.18906 -0.130236 17 0 17 2.18545
r19-c1 0.1 0.210032 -0.110032 10 0 10 1.37978
r19-c2 0.0769231 0.137948 -0.0610246 13 0 13 1.1972
r20-c1 0 0.222993 -0.222993 11 0 11 2.77536
r20-c2 0.230769 0.111546 0.119223 13 0 13 2.10668
r21-c2 0.103448 0.140241 -0.0367927 29 0 29 1.61828
r22-c2 0.111111 0.146802 -0.0356906 9 0 9 0.991554
*end

[bin_win_06_obs]
report.type: observation
observation.label: bin_win_06_obs
observation.year: 2006
observation.time_step: three
area observed expected residual errorvalue processerror totalerror score
r10-c13 1 0.610237 0.389763 2 0 2 0.987815
r11-c15 1 0.572644 0.427356 7 0 7 3.90244
r11-c16 0.666667 0.562738 0.103929 3 0 3 0.878493
r12-c14 0.5 0.512789 -0.012789 2 0 2 0.693802
r12-c15 1 0.52167 0.47833 10 0 10 6.5072
r12-c16 0.9 0.519293 0.380707 10 0 10 4.3275
r13-c15 1 0.411567 0.588433 8 0 8 7.10226
r13-c16 1 0.47063 0.52937 9 0 9 6.78315
r14-c15 1 0.421655 0.578345 2 0 2 1.72713
r15-c4 0 0.250662 -0.250662 3 0 3 0.865695
r16-c2 1 0.19286 0.80714 2 0 2 3.29158
r16-c3 0 0.201645 -0.201645 3 0 3 0.675607
r16-c4 0.375 0.221969 0.153031 8 0 8 1.74524
r17-c2 0.15 0.162012 -0.0120124 20 0 20 1.42625
r17-c3 0.25 0.170868 0.0791317 8 0 8 1.32578
r17-c4 0.5 0.198308 0.301692 2 0 2 1.14582
r18-c1 0 0.121525 -0.121525 7 0 7 0.906976
r18-c2 0 0.14225 -0.14225 28 0 28 4.29639
r18-c3 0 0.164078 -0.164078 2 0 2 0.35844
r18-c6 0 0.232319 -0.232319 2 0 2 0.528762
r19-c2 0 0.151041 -0.151041 2 0 2 0.327488
*end

[bin_spr_06_obs]
report.type: observation
observation.label: bin_spr_06_obs
observation.year: 2006
observation.time_step: four
area observed expected residual errorvalue processerror totalerror score
r4-c16 0.6 0.775212 -0.175212 5 0 5 1.44646
r4-c17 0.333333 0.767031 -0.433698 3 0 3 2.08032
r5-c15 0 0.790742 -0.790742 4 0 4 6.25675
r5-c16 0.333333 0.774078 -0.440745 3 0 3 2.1326
r6-c16 0.111111 0.68007 -0.568959 9 0 9 7.30557
r6-c17 0 0.729789 -0.729789 8 0 8 10.4684
r8-c10 0.5 0.654949 -0.154949 2 0 2 0.794113
*end

[bin_sum_07_obs]
report.type: observation
observation.label: bin_sum_07_obs
observation.year: 2007
observation.time_step: one
area observed expected residual errorvalue processerror totalerror score
r12-c14 0 0.218545 -0.218545 9 0 9 2.21937
r7-c15 0.5 0.707207 -0.207207 2 0 2 0.881574
*end

[bin_aut_07_obs]
report.type: observation
observation.label: bin_aut_07_obs
observation.year: 2007
observation.time_step: two
area observed expected residual errorvalue processerror totalerror score
r11-c15 1 0.699186 0.300814 3 0 3 1.07351
r12-c15 1 0.689924 0.310076 3 0 3 1.11352
r12-c16 0.666667 0.761887 -0.0952206 3 0 3 0.880312
r13-c15 1 0.658744 0.341256 4 0 4 1.66968
r13-c16 1 0.761054 0.238946 2 0 2 0.546101
r14-c15 0.833333 0.726582 0.106751 6 0 6 1.10201
r15-c14 0 0.565096 -0.565096 5 0 5 4.16315
r15-c15 0 0.727466 -0.727466 2 0 2 2.59998
r17-c3 0.117647 0.362108 -0.244461 17 0 17 3.86276
r17-c4 0.153846 0.36185 -0.208004 13 0 13 2.61735
r18-c2 0.0714286 0.260611 -0.189182 14 0 14 2.63077
r18-c3 0.105263 0.288976 -0.183713 19 0 19 3.139
r18-c4 0.333333 0.313038 0.0202955 3 0 3 0.813771
r19-c2 0.12 0.21955 -0.0995497 25 0 25 2.26132
r19-c3 0 0.249998 -0.249998 11 0 11 3.16447
r20-c1 0 0.134045 -0.134045 2 0 2 0.287845
r20-c2 0.0909091 0.153418 -0.0625091 11 0 11 1.14218
r21-c1 0 0.0761026 -0.0761026 10 0 10 0.791543
r21-c2 0.0869565 0.102503 -0.0155466 23 0 23 1.29339
r22-c2 0.125 0.107832 0.0171676 8 0 8 0.946445
r23-c2 0 0.0819344 -0.0819344 5 0 5 0.427432
r23-c3 0 0.0985702 -0.0985702 3 0 3 0.311319
r7-c16 0 0.551696 -0.551696 3 0 3 2.40685
r7-c17 0.666667 0.554985 0.111682 3 0 3 0.888664
r7-c18 0.5 0.548201 -0.0482007 2 0 2 0.702484
r8-c16 0.166667 0.600953 -0.434287 6 0 6 3.31086
r8-c17 0.333333 0.598271 -0.264938 3 0 3 1.23906
r8-c8 0.75 0.65692 0.09308 4 0 4 0.944076
r9-c11 0.5 0.695514 -0.195514 2 0 2 0.859087
r9-c16 0.5 0.632699 -0.132699 4 0 4 1.12691
*end

[bin_win_07_obs]
report.type: observation
observation.label: bin_win_07_obs
observation.year: 2007
observation.time_step: three
area observed expected residual errorvalue processerror totalerror score
r10-c15 1 0.617985 0.382015 4 0 4 1.92516
r11-c14 0.823529 0.583002 0.240527 17 0 17 3.65583
r11-c15 0.823529 0.580999 0.24253 51 0 51 8.79929
r11-c16 0.769231 0.572768 0.196463 13 0 13 2.46804
r12-c14 0.75 0.544467 0.205533 8 0 8 1.88806
r12-c15 0.870968 0.545296 0.325672 31 0 31 9.16931
r12-c16 0.833333 0.533903 0.299431 24 0 24 6.33322
r13-c15 0.666667 0.486451 0.180216 3 0 3 1.00904
r13-c16 0.75 0.511266 0.238734 8 0 8 2.12486
r16-c4 0.571429 0.288787 0.282642 7 0 7 2.43527
r16-c5 0.333333 0.278067 0.0552661 3 0 3 0.832927
r16-c6 0.5 0.278175 0.221825 2 0 2 0.91233
r17-c3 0.222222 0.237625 -0.0154031 27 0 27 1.72187
r17-c4 0.142857 0.237216 -0.0943588 21 0 21 1.99746
r7-c10 0.5 0.69119 -0.19119 2 0 2 0.851223
r8-c10 0.692308 0.691236 0.00107195 13 0 13 1.4519
r8-c11 0.625 0.698054 -0.0730535 8 0 8 1.36446
r8-c9 1 0.688908 0.311092 7 0 7 2.60853
*end

[bin_spr_07_obs]
report.type: observation
observation.label: bin_spr_07_obs
observation.year: 2007
observation.time_step: four
area observed expected residual errorvalue processerror totalerror score
r8-c10 0.727273 0.718962 0.00831081 11 0 11 1.34142
r8-c9 1 0.61864 0.38136 2 0 2 0.960462
*end

[bin_sum_08_obs]
report.type: observation
observation.label: bin_sum_08_obs
observation.year: 2008
observation.time_step: one
area observed expected residual errorvalue processerror totalerror score
r10-c12 0.5 0.613083 -0.113083 2 0 2 0.745653
r13-c16 0 0.664889 -0.664889 2 0 2 2.18659
r14-c15 0.75 0.682535 0.0674651 4 0 4 0.906918
r15-c15 1 0.695082 0.304918 2 0 2 0.727451
r9-c10 0 0.462108 -0.462108 4 0 4 2.48039
r9-c11 0 0.587018 -0.587018 2 0 2 1.7687
r9-c13 0 0.641096 -0.641096 2 0 2 2.0494
*end

[bin_aut_08_obs]
report.type: observation
observation.label: bin_aut_08_obs
observation.year: 2008
observation.time_step: two
area observed expected residual errorvalue processerror totalerror score
r10-c9 0 0.664206 -0.664206 3 0 3 3.27377
r11-c10 0 0.692258 -0.692258 4 0 4 4.71397
r12-c10 0 0.710662 -0.710662 2 0 2 2.48032
r14-c15 0.5 0.68913 -0.18913 2 0 2 0.847558
r18-c3 0 0.408448 -0.408448 2 0 2 1.05001
r19-c2 0.171429 0.262182 -0.0907532 35 0 35 2.55009
r19-c3 0.3 0.287076 0.0129236 10 0 10 1.3252
r20-c2 0.0444444 0.198834 -0.15439 45 0 45 5.86541
r7-c17 1 0.56464 0.43536 6 0 6 3.4294
r9-c10 0 0.636637 -0.636637 4 0 4 4.04941
r9-c11 0.5 0.6194 -0.1194 4 0 4 1.09826
r9-c12 1 0.631259 0.368741 2 0 2 0.920078
*end

[bin_win_08_obs]
report.type: observation
observation.label: bin_win_08_obs
observation.year: 2008
observation.time_step: three
area observed expected residual errorvalue processerror totalerror score
r10-c12 1 0.601344 0.398656 3 0 3 1.52576
r10-c14 0.571429 0.611598 -0.0401697 7 0 7 1.24852
r11-c14 0.923077 0.580496 0.342581 13 0 13 4.8302
r11-c15 0.944444 0.556958 0.387487 18 0 18 7.87324
r11-c16 0.857143 0.532376 0.324767 7 0 7 2.59661
r12-c15 1 0.515675 0.484325 4 0 4 2.64912
r13-c15 0.888889 0.411426 0.477462 9 0 9 5.43783
r13-c16 1 0.450251 0.549749 5 0 5 3.98975
r18-c2 0.666667 0.177484 0.489182 3 0 3 2.55452
r18-c3 0.5 0.193752 0.306248 6 0 6 2.57389
r6-c7 1 0.715655 0.284345 2 0 2 0.669115
r6-c8 1 0.704256 0.295744 2 0 2 0.701226
r7-c11 1 0.677232 0.322768 2 0 2 0.779483
r8-c11 0.75 0.638965 0.111035 16 0 16 1.9434
r8-c12 0.5 0.642021 -0.142021 2 0 2 0.777268
r8-c9 0.5 0.643999 -0.143999 2 0 2 0.779733
r9-c11 1 0.624234 0.375766 2 0 2 0.942461
r9-c12 0.75 0.625517 0.124483 8 0 8 1.44727
*end

[bin_spr_08_obs]
report.type: observation
observation.label: bin_spr_08_obs
observation.year: 2008
observation.time_step: four
area observed expected residual errorvalue processerror totalerror score
r8-c10 1 0.708536 0.291464 3 0 3 1.03366
r9-c10 0.5 0.534364 -0.0343644 2 0 2 0.697882
r9-c11 0.428571 0.661594 -0.233022 7 0 7 2.018
r9-c12 0.571429 0.697738 -0.126309 7 0 7 1.47368
*end

[bin_sum_09_obs]
report.type: observation
observation.label: bin_sum_09_obs
observation.year: 2009
observation.time_step: one
area observed expected residual errorvalue processerror totalerror score
r12-c14 0.833333 0.549502 0.283831 12 0 12 3.39257
*end

[bin_aut_09_obs]
report.type: observation
observation.label: bin_aut_09_obs
observation.year: 2009
observation.time_step: two
area observed expected residual errorvalue processerror totalerror score
r11-c15 1 0.740422 0.259578 3 0 3 0.901606
r12-c14 1 0.748261 0.251739 2 0 2 0.580006
r12-c15 0.875 0.73878 0.13622 8 0 8 1.38223
r12-c16 1 0.798267 0.201733 2 0 2 0.450624
r13-c16 1 0.795134 0.204866 2 0 2 0.458489
r18-c2 0.0666667 0.0840424 -0.0173757 15 0 15 0.997377
r18-c3 0 0.0651914 -0.0651914 7 0 7 0.471894
r19-c1 0 0.030527 -0.030527 9 0 9 0.279024
r19-c2 0.147541 0.0550045 0.0925365 61 0 61 5.46859
r19-c3 0 0.0767981 -0.0767981 6 0 6 0.479444
r20-c1 0 0.0381344 -0.0381344 10 0 10 0.388806
r20-c2 0.103448 0.0534403 0.050008 29 0 29 2.01194
r8-c8 0.714286 0.684023 0.0302628 7 0 7 1.15847
*end

[bin_spr_09_obs]
report.type: observation
observation.label: bin_spr_09_obs
observation.year: 2009
observation.time_step: four
area observed expected residual errorvalue processerror totalerror score
r10-c12 0.25 0.533323 -0.283323 12 0 12 3.35132
r10-c13 0.230769 0.57798 -0.347211 13 0 13 4.61569
r6-c8 0.75 0.710006 0.0399942 4 0 4 0.879046
r6-c9 1 0.737035 0.262965 5 0 5 1.5256
r8-c8 0.714286 0.651431 0.0628547 7 0 7 1.20623
r8-c9 1 0.652551 0.347449 2 0 2 0.853731
r9-c11 1 0.621578 0.378422 2 0 2 0.950987
r9-c12 0.75 0.660826 0.0891742 4 0 4 0.937742
*end

[bin_sum_10_obs]
report.type: observation
observation.label: bin_sum_10_obs
observation.year: 2010
observation.time_step: one
area observed expected residual errorvalue processerror totalerror score
r10-c13 0.5 0.776799 -0.276799 4 0 4 1.71275
r11-c13 0.5 0.674203 -0.174203 6 0 6 1.55138
r11-c14 0.888889 0.815562 0.0733268 9 0 9 1.12424
r12-c14 0.928571 0.616923 0.311648 14 0 14 4.5996
r12-c15 1 0.461896 0.538104 3 0 3 2.31725
r7-c9 0.571429 0.640431 -0.0690023 7 0 7 1.29565
r8-c10 0.333333 0.708142 -0.374808 3 0 3 1.70947
r8-c9 1 0.726447 0.273553 2 0 2 0.639178
r9-c10 0 0.263436 -0.263436 2 0 2 0.611517
*end

[bin_aut_10_obs]
report.type: observation
observation.label: bin_aut_10_obs
observation.year: 2010
observation.time_step: two
area observed expected residual errorvalue processerror totalerror score
r13-c15 1 0.557799 0.442201 2 0 2 1.16751
r13-c16 1 0.756685 0.243315 4 0 4 1.11523
r14-c15 0.75 0.731054 0.0189463 12 0 12 1.36552
r19-c1 0 0.0954455 -0.0954455 9 0 9 0.902815
r19-c2 0 0.196612 -0.196612 54 0 54 11.8216
r19-c3 0.0769231 0.171697 -0.0947742 13 0 13 1.45759
r20-c2 0.0869565 0.0464541 0.0405025 46 0 46 2.27237
r20-c3 0.125 0.000146201 0.124854 8 0 8 6.75211
r9-c11 0 0.679961 -0.679961 3 0 3 3.41794
r9-c12 0.5 0.670988 -0.170988 2 0 2 0.817517
*end

[bin_win_10_obs]
report.type: observation
observation.label: bin_win_10_obs
observation.year: 2010
observation.time_step: three
area observed expected residual errorvalue processerror totalerror score
r10-c13 0.727273 0.604693 0.122579 11 0 11 1.70261
r10-c14 0 0.600586 -0.600586 4 0 4 3.67103
r11-c14 1 0.568086 0.431914 3 0 3 1.69645
r11-c15 0.333333 0.557357 -0.224023 3 0 3 1.11592
r11-c16 1 0.534309 0.465691 2 0 2 1.25356
r12-c15 0.8 0.511443 0.288557 5 0 5 1.78894
r12-c16 1 0.497688 0.502312 3 0 3 2.09335
r13-c15 1 0.360502 0.639498 11 0 11 11.2228
r13-c16 1 0.454741 0.545259 4 0 4 3.1521
r14-c15 0.888889 0.397647 0.491242 9 0 9 5.68721
r17-c6 0.461538 0.307743 0.153795 13 0 13 2.19777
r17-c7 0 0.288195 -0.288195 2 0 2 0.679902
r18-c1 0 0.161742 -0.161742 2 0 2 0.352859
r18-c2 0.333333 0.179166 0.154168 3 0 3 1.0157
r19-c1 0.272727 0.140465 0.132262 11 0 11 1.99336
r19-c2 0.222222 0.169626 0.0525963 18 0 18 1.67277
r6-c8 1 0.723093 0.276907 2 0 2 0.648435
r7-c8 0.5 0.714572 -0.214572 4 0 4 1.38792
r9-c13 0.75 0.644138 0.105862 4 0 4 0.966445
r9-c14 0.5 0.638636 -0.138636 6 0 6 1.40314
*end

[bin_spr_10_obs]
report.type: observation
observation.label: bin_spr_10_obs
observation.year: 2010
observation.time_step: four
area observed expected residual errorvalue processerror totalerror score
r8-c7 1 0.705152 0.294848 4 0 4 1.39737
r8-c8 0.6 0.688813 -0.0888134 5 0 5 1.15049
r9-c12 1 0.589736 0.410264 3 0 3 1.58424
r9-c13 0.666667 0.568131 0.0985359 6 0 6 1.23283
r9-c14 0.5 0.600817 -0.100817 4 0 4 1.06384
*end

[bin_sum_11_obs]
report.type: observation
observation.label: bin_sum_11_obs
observation.year: 2011
observation.time_step: one
area observed expected residual errorvalue processerror totalerror score
r10-c13 0.75 0.649962 0.100038 4 0 4 0.955943
r11-c13 1 0.68857 0.31143 3 0 3 1.11942
r11-c14 0.857143 0.720433 0.136709 7 0 7 1.29602
*end

[bin_aut_11_obs]
report.type: observation
observation.label: bin_aut_11_obs
observation.year: 2011
observation.time_step: two
area observed expected residual errorvalue processerror totalerror score
r10-c13 0.142857 0.621554 -0.478697 7 0 7 4.35971
r10-c8 0 0.732489 -0.732489 2 0 2 2.63719
r10-c9 0.2 0.554285 -0.354285 5 0 5 2.21294
r11-c10 1 0.419486 0.580514 2 0 2 1.73745
r12-c15 1 0.655491 0.344509 3 0 3 1.26711
r12-c16 1 0.72638 0.27362 4 0 4 1.27873
r13-c15 0.75 0.552137 0.197863 4 0 4 1.19885
r13-c16 0.909091 0.738054 0.171037 11 0 11 1.97911
r13-c6 0.5 0.731676 -0.231676 2 0 2 0.93483
r13-c7 1 0.744198 0.255802 3 0 3 0.886343
r14-c15 0.75 0.715269 0.0347312 12 0 12 1.39087
r14-c16 0.333333 0.74401 -0.410677 3 0 3 1.92232
r18-c1 0 0.301164 -0.301164 6 0 6 2.15004
r18-c2 0 0.278374 -0.278374 8 0 8 2.60999
r19-c1 0.027027 0.222398 -0.195371 37 0 37 6.94784
r19-c2 0.0714286 0.224054 -0.152626 42 0 42 5.03247
r20-c1 0 0.163168 -0.163168 3 0 3 0.534398
r20-c2 0.15 0.169481 -0.0194808 40 0 40 1.80348
*end

[bin_win_11_obs]
report.type: observation
observation.label: bin_win_11_obs
observation.year: 2011
observation.time_step: three
area observed expected residual errorvalue processerror totalerror score
r10-c13 0.888889 0.610792 0.278096 9 0 9 2.6904
r10-c14 1 0.633359 0.366641 2 0 2 0.913437
r11-c13 1 0.59323 0.40677 12 0 12 6.26608
r11-c14 1 0.595849 0.404151 8 0 8 4.14215
r11-c15 1 0.584426 0.415574 2 0 2 1.07425
r11-c16 0.5 0.578024 -0.0780241 2 0 2 0.7178
r12-c14 1 0.529651 0.470349 8 0 8 5.08429
r12-c15 0.9 0.549575 0.350425 10 0 10 3.88248
r12-c16 0.666667 0.534004 0.132663 3 0 3 0.91967
r13-c15 1 0.463895 0.536105 9 0 9 6.91288
r14-c15 0.75 0.419416 0.330584 8 0 8 2.96859
r17-c4 0 0.217336 -0.217336 2 0 2 0.490103
r18-c1 0 0.129944 -0.129944 5 0 5 0.695989
r18-c2 0 0.151547 -0.151547 7 0 7 1.15038
r18-c3 0.571429 0.173995 0.397434 7 0 7 4.01303
r19-c1 0 0.112999 -0.112999 8 0 8 0.959272
r19-c2 0.111111 0.146347 -0.0352364 9 0 9 0.990395
r19-c3 0.666667 0.173535 0.493131 3 0 3 2.59473
r6-c10 1 0.701771 0.298229 2 0 2 0.708297
r8-c11 1 0.688709 0.311291 4 0 4 1.49174
r9-c10 1 0.626833 0.373167 2 0 2 0.934151
r9-c11 0.666667 0.627746 0.0389209 3 0 3 0.820806
r9-c12 0.5 0.63398 -0.13398 4 0 4 1.12985
*end

[bin_spr_11_obs]
report.type: observation
observation.label: bin_spr_11_obs
observation.year: 2011
observation.time_step: four
area observed expected residual errorvalue processerror totalerror score
r10-c12 1 0.624211 0.375789 4 0 4 1.88507
r6-c10 0.6 0.750996 -0.150996 5 0 5 1.33705
r6-c8 1 0.750824 0.249176 4 0 4 1.14634
r6-c9 0.714286 0.753656 -0.0393707 7 0 7 1.17163
r7-c10 0.714286 0.745371 -0.031085 7 0 7 1.16074
r7-c11 0.875 0.744819 0.130181 8 0 8 1.34864
r8-c10 1 0.709918 0.290082 2 0 2 0.685211
r9-c11 0.5 0.653356 -0.153356 2 0 2 0.791942
r9-c12 1 0.672489 0.327511 4 0 4 1.58708
*end

[bin_sum_12_obs]
report.type: observation
observation.label: bin_sum_12_obs
observation.year: 2012
observation.time_step: one
area observed expected residual errorvalue processerror totalerror score
r10-c12 0.5 0.636525 -0.136525 2 0 2 0.770629
r13-c7 0.5 0.732342 -0.232342 6 0 6 1.89293
r14-c7 0.666667 0.703618 -0.0369516 3 0 3 0.820533
r14-c8 0 0.652403 -0.652403 4 0 4 4.22684
r15-c7 0.5 0.686532 -0.186532 6 0 6 1.61275
r15-c8 0.4 0.592876 -0.192876 5 0 5 1.43887
r9-c12 0.571429 0.628873 -0.0574447 7 0 7 1.27359
*end

[bin_aut_12_obs]
report.type: observation
observation.label: bin_aut_12_obs
observation.year: 2012
observation.time_step: two
area observed expected residual errorvalue processerror totalerror score
r13-c15 0.666667 0.500158 0.166509 3 0 3 0.980514
r13-c6 0.333333 0.710718 -0.377384 3 0 3 1.72357
r14-c15 1 0.672863 0.327137 7 0 7 2.7735
r15-c15 0.666667 0.686136 -0.0194697 3 0 3 0.813542
r16-c6 0.666667 0.637939 0.0287274 3 0 3 0.816355
r16-c7 1 0.643256 0.356744 2 0 2 0.882425
r17-c2 0.666667 0.52124 0.145426 3 0 3 0.941033
r17-c3 0.3 0.51856 -0.21856 10 0 10 2.29942
r17-c4 0.4 0.536762 -0.136762 5 0 5 1.25036
r17-c6 0.375 0.623664 -0.248664 8 0 8 2.27745
r18-c1 0 0.300813 -0.300813 4 0 4 1.43135
r18-c2 0.16 0.33895 -0.17895 25 0 25 3.57465
r18-c3 0.1 0.434307 -0.334307 10 0 10 3.65875
r19-c1 0.0833333 0.315578 -0.232245 12 0 12 2.83943
r19-c2 0.0408163 0.288242 -0.247425 49 0 49 11.3988
r19-c3 0 0.296243 -0.296243 3 0 3 1.05397
r20-c1 0 0.280811 -0.280811 4 0 4 1.31852
r20-c2 0.0909091 0.120739 -0.0298296 22 0 22 1.3593
*end

[bin_win_12_obs]
report.type: observation
observation.label: bin_win_12_obs
observation.year: 2012
observation.time_step: three
area observed expected residual errorvalue processerror totalerror score
r10-c13 0.666667 0.630788 0.0358785 3 0 3 0.819343
r11-c14 0.75 0.581886 0.168114 8 0 8 1.66068
r13-c15 0.857143 0.403355 0.453787 7 0 7 4.01815
r13-c16 1 0.404822 0.595178 3 0 3 2.71292
r13-c9 0.25 0.421873 -0.171873 4 0 4 1.12064
r14-c15 0.967742 0.334488 0.633254 31 0 31 29.8278
r14-c8 0.333333 0.373305 -0.0399713 3 0 3 0.821338
r14-c9 0.666667 0.364027 0.30264 3 0 3 1.37504
r16-c6 0 0.287928 -0.287928 5 0 5 1.69788
r17-c2 0.25 0.196663 0.0533372 4 0 4 0.896913
r17-c3 0.285714 0.207883 0.0778311 7 0 7 1.26227
r17-c4 0.285714 0.228982 0.056732 7 0 7 1.20392
r17-c6 0 0.279508 -0.279508 15 0 15 4.91732
r17-c7 0 0.28331 -0.28331 5 0 5 1.66556
r18-c2 0.153846 0.16995 -0.0161037 26 0 26 1.57446
r18-c3 0.25 0.186721 0.0632787 4 0 4 0.911888
r8-c6 1 0.686399 0.313601 2 0 2 0.752592
r8-c8 0.5 0.692261 -0.192261 2 0 2 0.853148
r8-c9 0.5 0.695141 -0.195141 2 0 2 0.858399
r9-c10 1 0.668094 0.331906 3 0 3 1.20998
r9-c11 0.666667 0.675378 -0.00871175 3 0 3 0.811447
r9-c8 0.666667 0.648013 0.0186539 3 0 3 0.813238
*end

[obj]
report.type: objective_function
obs->sum_02_obs: 0
obs->aut_02_obs: 0
obs->aut_03_obs: 12.8734
obs->win_03_obs: 17.6445
obs->aut_04_obs: 16.1473
obs->win_04_obs: 27.5518
obs->sum_05_obs: 1.1805
obs->aut_05_obs: 12.0188
obs->win_05_obs: 8.85644
obs->spr_05_obs: 0.252652
obs->aut_06_obs: 6.61236
obs->win_06_obs: 5.94064
obs->spr_06_obs: 2.07484
obs->sum_07_obs: 0.320032
obs->aut_07_obs: 13.5022
obs->win_07_obs: 3.86027
obs->spr_07_obs: 1.47626
obs->sum_08_obs: -0.658551
obs->aut_08_obs: 5.08939
obs->win_08_obs: 30.8321
obs->spr_08_obs: -0.345531
obs->sum_09_obs: -0.326375
obs->aut_09_obs: 12.6106
obs->spr_09_obs: 10.3301
obs->sum_10_obs: 2.90328
obs->aut_10_obs: 8.94788
obs->win_10_obs: 1.55335
obs->spr_10_obs: 7.21853
obs->sum_11_obs: 6.86871
obs->aut_11_obs: 52.563
obs->win_11_obs: 22.7246
obs->spr_11_obs: 0.528953
obs->sum_12_obs: 2.06496
obs->aut_12_obs: 18.7215
obs->win_12_obs: 14.3271
obs->bin_sum_02_obs: 0
obs->bin_aut_02_obs: 0
obs->bin_aut_03_obs: 71.898
obs->bin_win_03_obs: 63.3677
obs->bin_aut_04_obs: 50.6065
obs->bin_win_04_obs: 58.8119
obs->bin_sum_05_obs: 6.20573
obs->bin_aut_05_obs: 24.8642
obs->bin_win_05_obs: 38.0836
obs->bin_spr_05_obs: 2.76867
obs->bin_aut_06_obs: 25.3912
obs->bin_win_06_obs: 49.8038
obs->bin_spr_06_obs: 30.4842
obs->bin_sum_07_obs: 3.10095
obs->bin_aut_07_obs: 48.3159
obs->bin_win_07_obs: 51.5488
obs->bin_spr_07_obs: 2.30189
obs->bin_sum_08_obs: 10.8651
obs->bin_aut_08_obs: 31.6035
obs->bin_win_08_obs: 43.3194
obs->bin_spr_08_obs: 5.22322
obs->bin_sum_09_obs: 3.39257
obs->bin_aut_09_obs: 15.0285
obs->bin_spr_09_obs: 14.3203
obs->bin_sum_10_obs: 15.561
obs->bin_aut_10_obs: 31.0902
obs->bin_win_10_obs: 45.7023
obs->bin_spr_10_obs: 6.42877
obs->bin_sum_11_obs: 3.37138
obs->bin_aut_11_obs: 40.8837
obs->bin_win_11_obs: 51.5508
obs->bin_spr_11_obs: 11.1137
obs->bin_sum_12_obs: 12.0361
obs->bin_aut_12_obs: 41.3929
obs->bin_win_12_obs: 61.7849
prior->catchability[CPUEq].q: 0
prior->catchability[BINq].q: 0
prior->preference_function[stock_SST_sum].mu: 0
prior->preference_function[stock_SST_sum].sigma: 0
prior->preference_function[stock_NPP_sum].mu: 0
prior->preference_function[stock_NPP_sum].sigma: 0
prior->preference_function[stock_NPP_sum].alpha: 0
total_score: 1298.49
*end

Completed
