SPM (Spatial Population Model)
Call: spm -r -i params.out 
Date: Fri Mar 04 12:44:16 2016
v1.1-2015-11-01 (rev. 1266). Copyright (c) 2008-2015, NIWA
User name: marshc
Machine name: NIWA-1007004 (Windows_NT, PID=13556)

[aut_03_obs]
report.type: observation
observation.label: aut_03_obs
observation.year: 2003
observation.time_step: two
area observed expected residual errorvalue processerror totalerror score
r11-c16 1.4525 2.07454 -0.622036 0.913471 0 0.913471 -0.24751
r12-c16 0.403542 2.09898 -1.69543 1.73212 0 1.73212 0.492782
r12-c17 1.78129 2.1321 -0.350802 0.868811 0 0.868811 -0.278649
r12-c18 1.01408 2.13187 -1.11779 1.06225 0 1.06225 -0.0519303
r13-c17 0.81859 2.10311 -1.28452 2.00806 0 2.00806 0.245633
r13-c18 1.96409 2.12902 -0.164931 0.82261 0 0.82261 -0.299454
r14-c15 1.51155 2.06913 -0.557579 0.771136 0 0.771136 -0.374111
r14-c16 1.25278 2.1299 -0.87712 1.02527 0 1.02527 -0.144885
r15-c14 3.82105 1.98735 1.8337 0.2 0 0.2 4.16054
r15-c15 3.82105 2.10945 1.7116 0.2 0 0.2 3.18223
r18-c2 0.047115 1.25996 -1.21284 4.79595 0 4.79595 1.03132
r19-c2 0.297875 1.14092 -0.843043 1.69906 0 1.69906 0.315296
r19-c3 0.248871 1.20486 -0.95599 2.27944 0 2.27944 0.421804
r20-c2 0.180514 0.985857 -0.805343 2.70184 0 2.70184 0.47147
r20-c3 0.458114 0.874699 -0.416586 1.56451 0 1.56451 0.106945
r21-c2 0.134538 0.714974 -0.580437 2.8853 0 2.8853 0.47035
r22-c3 0.591776 0.450062 0.141714 1.41426 0 1.41426 0.355351
r23-c3 1.68435 0.315368 1.36898 0.900012 0 0.900012 3.01626
*end

[win_03_obs]
report.type: observation
observation.label: win_03_obs
observation.year: 2003
observation.time_step: three
area observed expected residual errorvalue processerror totalerror score
r1-c18 0.473974 1.36754 -0.893565 1.41425 0 1.41425 0.165548
r1-c19 0.37165 1.39039 -1.01874 1.39442 0 1.39442 0.319717
r10-c13 2.4132 1.85989 0.553305 0.533125 0 0.533125 -0.395786
r16-c3 0.600322 0.75523 -0.154908 1.47357 0 1.47357 0.124015
r16-c4 0.68102 0.779599 -0.098579 1.26599 0 1.26599 0.0393229
r16-c5 0.465741 0.847665 -0.381924 2.23624 0 2.23624 0.316263
r17-c2 0.214469 0.582486 -0.368016 2.81627 0 2.81627 0.393942
r17-c3 0.266971 0.612973 -0.346003 2.74318 0 2.74318 0.394579
r17-c4 0.641675 0.660807 -0.0191313 1.708 0 1.708 0.312023
r17-c5 0.306121 0.808256 -0.502135 2.23618 0 2.23618 0.293191
r18-c2 0.168794 0.493492 -0.324698 2.59563 0 2.59563 0.358562
r18-c3 0.331238 0.553267 -0.222028 1.87003 0 1.87003 0.222818
r2-c17 0.53143 1.47373 -0.9423 1.41426 0 1.41426 0.147855
r2-c18 0.399232 1.50227 -1.10304 1.73212 0 1.73212 0.3074
r2-c19 0.413989 1.52451 -1.11053 1.32393 0 1.32393 0.320141
r2-c20 0.630818 1.56617 -0.935348 1.23012 0 1.23012 0.0683354
r2-c21 1.10787 1.59463 -0.486764 1.26324 0 1.26324 -0.0169431
r3-c14 1.26519 1.69524 -0.43005 0.420599 0 0.420599 -0.770482
r3-c15 0.797207 1.64908 -0.851871 0.676974 0 0.676974 -0.103476
r3-c16 0.766738 1.60506 -0.838317 0.868029 0 0.868029 -0.101753
r3-c20 0.883055 1.68394 -0.80089 1.28976 0 1.28976 0.00208498
r3-c21 0.747429 1.69678 -0.949349 0.870082 0 0.870082 -0.0298802
r4-c14 1.66469 1.81061 -0.14592 0.371589 0 0.371589 -1.0212
r4-c15 0.317277 1.80233 -1.48505 1.73211 0 1.73211 0.55635
r4-c20 2.21261 1.79855 0.414058 0.727561 0 0.727561 -0.220798
r4-c21 0.328867 1.83142 -1.50255 1.73211 0 1.73211 0.541532
r5-c14 1.97382 1.90628 0.0675465 0.732037 0 0.732037 -0.350569
r6-c16 4.07563 1.97321 2.10243 0.324675 0 0.324675 1.85003
r6-c20 0.610121 1.9228 -1.31268 1.41426 0 1.41426 0.21009
r7-c14 5.44781 1.98355 3.46426 0.2 0 0.2 11.9037
r7-c8 0.731845 1.99215 -1.2603 1.13821 0 1.13821 0.113984
r7-c9 1.71967 2.00228 -0.282609 0.921896 0 0.921896 -0.223331
r8-c12 0.769967 1.97281 -1.20285 1.73218 0 1.73218 0.185479
r8-c7 3.74176 1.88189 1.85986 0.71154 0 0.71154 0.525147
r9-c11 0.233635 1.90139 -1.66776 2.23616 0 2.23616 0.69389
r9-c12 0.664918 1.91263 -1.24771 1.37163 0 1.37163 0.159752
r9-c13 0.486992 1.94756 -1.46057 1.48965 0 1.48965 0.352886
*end

[aut_04_obs]
report.type: observation
observation.label: aut_04_obs
observation.year: 2004
observation.time_step: two
area observed expected residual errorvalue processerror totalerror score
r11-c10 1.73158 1.78151 -0.0499338 0.706673 0 0.706673 -0.414449
r12-c10 0.901806 2.12834 -1.22653 1.02048 0 1.02048 0.00778646
r12-c13 3.4023 1.47605 1.92626 0.2 0 0.2 7.69344
r12-c16 0.852874 2.33249 -1.47962 1.73242 0 1.73242 0.198708
r13-c15 0.53804 1.35665 -0.818607 1.61501 0 1.61501 0.155945
r13-c16 0.943024 2.22786 -1.28484 1.73246 0 1.73246 0.173426
r14-c15 3.3501 1.7542 1.59591 1.22602 0 1.22602 0.623255
r14-c16 1.70059 2.25419 -0.553608 0.87254 0 0.87254 -0.28452
r15-c15 4.26709 1.7486 2.51849 1.36743 0 1.36743 0.981715
r16-c13 2.82817 0.615717 2.21245 1.41478 0 1.41478 2.00432
r19-c1 0.0158474 0.565571 -0.549723 5.29162 0 5.29162 1.13812
r19-c2 0.0644593 0.47223 -0.40777 3.04748 0 3.04748 0.569475
r20-c1 0.0734301 0.60961 -0.536179 2.44352 0 2.44352 0.669748
r20-c2 0.0793527 0.2623 -0.182947 2.51576 0 2.51576 0.354537
r20-c3 0.113831 0.0495852 0.0642456 2.23617 0 2.23617 1.12382
r21-c2 0.148876 0.384212 -0.235336 2.00989 0 2.00989 0.2464
r22-c2 0.130715 0.374457 -0.243742 1.85279 0 1.85279 0.230907
r23-c2 0.0991286 0.298578 -0.199449 2.6459 0 2.6459 0.367023
r23-c3 0.346979 0.281978 0.0650015 1.41428 0 1.41428 0.307689
*end

[obj]
report.type: objective_function
obs->aut_03_obs: 12.8734
obs->win_03_obs: 17.6445
obs->aut_04_obs: 16.1473
prior->catchability[CPUEq].q: 0
prior->catchability[BINq].q: 0
prior->preference_function[stock_SST_sum].mu: 0
prior->preference_function[stock_SST_sum].sigma: 0
prior->preference_function[stock_NPP_sum].mu: 0
prior->preference_function[stock_NPP_sum].sigma: 0
prior->preference_function[stock_NPP_sum].alpha: 0
total_score: 46.6652
*end

Completed
